#
# A fatal error has been detected by the Java Runtime Environment:
#
#  EXCEPTION_ACCESS_VIOLATION (0xc0000005) at pc=0x00007ffb70292d66, pid=23212, tid=21272
#
# JRE version: Java(TM) SE Runtime Environment (12.0+33) (build 12+33)
# Java VM: Java HotSpot(TM) 64-Bit Server VM (12+33, mixed mode, sharing, tiered, compressed oops, g1 gc, windows-amd64)
# Problematic frame:
# C  [glfw.dll+0x2d66]
#
# No core dump will be written. Minidumps are not enabled by default on client versions of Windows
#
# If you would like to submit a bug report, please visit:
#   http://bugreport.java.com/bugreport/crash.jsp
# The crash happened outside the Java Virtual Machine in native code.
# See problematic frame for where to report the bug.
#

---------------  S U M M A R Y ------------

Command Line: -Dvisualvm.id=2295584238437 -javaagent:C:\Program Files\JetBrains\IntelliJ IDEA Community Edition 2019.1\lib\idea_rt.jar=2476:C:\Program Files\JetBrains\IntelliJ IDEA Community Edition 2019.1\bin -Dfile.encoding=UTF-8 me.dylancurzon.testgame.Bootstrapper

Host: Intel(R) Core(TM) i7-5820K CPU @ 3.30GHz, 12 cores, 15G,  Windows 10 , 64 bit Build 17134 (10.0.17134.648)
Time: Tue Apr  9 10:30:59 2019 GMT Summer Time elapsed time: 1 seconds (0d 0h 0m 1s)

---------------  T H R E A D  ---------------

Current thread (0x0000025c545a4000):  JavaThread "AWT-EventQueue-0" [_thread_in_native, id=21272, stack(0x000000e6c3f00000,0x000000e6c4000000)]

Stack: [0x000000e6c3f00000,0x000000e6c4000000],  sp=0x000000e6c3ffe138,  free space=1016k
Native frames: (J=compiled Java code, j=interpreted, Vv=VM code, C=native code)
C  [glfw.dll+0x2d66]

Java frames: (J=compiled Java code, j=interpreted, Vv=VM code)
j  org.lwjgl.system.JNI.invokePPPV(JJJJ)V+0
j  org.lwjgl.glfw.GLFW.nglfwGetCursorPos(JJJ)V+22
j  org.lwjgl.glfw.GLFW.glfwGetCursorPos(JLjava/nio/DoubleBuffer;Ljava/nio/DoubleBuffer;)V+25
j  me.dylancurzon.dontdie.gfx.GameWindow.getMousePosition()Lme/dylancurzon/pages/util/Vector2d;+22
J 1268% c2 me.dylancurzon.testgame.designer.gameState.DesignerLevelState.start()V (337 bytes) @ 0x0000025c3ed570b0 [0x0000025c3ed56ea0+0x0000000000000210]
j  me.dylancurzon.testgame.designer.LevelDesigner.setGameState(Lme/dylancurzon/dontdie/GameState;)V+25
j  me.dylancurzon.testgame.designer.gameState.DesignerMenuState.lambda$start$1(Ljava/awt/event/ActionEvent;)V+26
j  me.dylancurzon.testgame.designer.gameState.DesignerMenuState$$Lambda$126.actionPerformed(Ljava/awt/event/ActionEvent;)V+5
j  javax.swing.AbstractButton.fireActionPerformed(Ljava/awt/event/ActionEvent;)V+83 java.desktop@12
j  javax.swing.AbstractButton$Handler.actionPerformed(Ljava/awt/event/ActionEvent;)V+5 java.desktop@12
j  javax.swing.DefaultButtonModel.fireActionPerformed(Ljava/awt/event/ActionEvent;)V+34 java.desktop@12
j  javax.swing.DefaultButtonModel.setPressed(Z)V+117 java.desktop@12
j  javax.swing.plaf.basic.BasicButtonListener.mouseReleased(Ljava/awt/event/MouseEvent;)V+35 java.desktop@12
j  java.awt.Component.processMouseEvent(Ljava/awt/event/MouseEvent;)V+64 java.desktop@12
j  javax.swing.JComponent.processMouseEvent(Ljava/awt/event/MouseEvent;)V+23 java.desktop@12
j  java.awt.Component.processEvent(Ljava/awt/AWTEvent;)V+81 java.desktop@12
j  java.awt.Container.processEvent(Ljava/awt/AWTEvent;)V+18 java.desktop@12
j  java.awt.Component.dispatchEventImpl(Ljava/awt/AWTEvent;)V+496 java.desktop@12
j  java.awt.Container.dispatchEventImpl(Ljava/awt/AWTEvent;)V+42 java.desktop@12
j  java.awt.Component.dispatchEvent(Ljava/awt/AWTEvent;)V+2 java.desktop@12
j  java.awt.LightweightDispatcher.retargetMouseEvent(Ljava/awt/Component;ILjava/awt/event/MouseEvent;)V+349 java.desktop@12
j  java.awt.LightweightDispatcher.processMouseEvent(Ljava/awt/event/MouseEvent;)Z+155 java.desktop@12
j  java.awt.LightweightDispatcher.dispatchEvent(Ljava/awt/AWTEvent;)Z+50 java.desktop@12
j  java.awt.Container.dispatchEventImpl(Ljava/awt/AWTEvent;)V+12 java.desktop@12
j  java.awt.Window.dispatchEventImpl(Ljava/awt/AWTEvent;)V+19 java.desktop@12
j  java.awt.Component.dispatchEvent(Ljava/awt/AWTEvent;)V+2 java.desktop@12
j  java.awt.EventQueue.dispatchEventImpl(Ljava/awt/AWTEvent;Ljava/lang/Object;)V+41 java.desktop@12
j  java.awt.EventQueue$4.run()Ljava/lang/Void;+32 java.desktop@12
j  java.awt.EventQueue$4.run()Ljava/lang/Object;+1 java.desktop@12
J 807 c1 java.security.AccessController.executePrivileged(Ljava/security/PrivilegedAction;Ljava/security/AccessControlContext;Ljava/lang/Class;)Ljava/lang/Object; java.base@12 (65 bytes) @ 0x0000025c378e8464 [0x0000025c378e8300+0x0000000000000164]
j  java.security.AccessController.doPrivileged(Ljava/security/PrivilegedAction;Ljava/security/AccessControlContext;)Ljava/lang/Object;+13 java.base@12
j  java.security.ProtectionDomain$JavaSecurityAccessImpl.doIntersectionPrivilege(Ljava/security/PrivilegedAction;Ljava/security/AccessControlContext;Ljava/security/AccessControlContext;)Ljava/lang/Object;+18 java.base@12
j  java.security.ProtectionDomain$JavaSecurityAccessImpl.doIntersectionPrivilege(Ljava/security/PrivilegedAction;Ljava/security/AccessControlContext;)Ljava/lang/Object;+6 java.base@12
j  java.awt.EventQueue$5.run()Ljava/lang/Void;+11 java.desktop@12
j  java.awt.EventQueue$5.run()Ljava/lang/Object;+1 java.desktop@12
J 807 c1 java.security.AccessController.executePrivileged(Ljava/security/PrivilegedAction;Ljava/security/AccessControlContext;Ljava/lang/Class;)Ljava/lang/Object; java.base@12 (65 bytes) @ 0x0000025c378e8464 [0x0000025c378e8300+0x0000000000000164]
j  java.security.AccessController.doPrivileged(Ljava/security/PrivilegedAction;Ljava/security/AccessControlContext;)Ljava/lang/Object;+13 java.base@12
j  java.security.ProtectionDomain$JavaSecurityAccessImpl.doIntersectionPrivilege(Ljava/security/PrivilegedAction;Ljava/security/AccessControlContext;Ljava/security/AccessControlContext;)Ljava/lang/Object;+18 java.base@12
j  java.awt.EventQueue.dispatchEvent(Ljava/awt/AWTEvent;)V+73 java.desktop@12
j  java.awt.EventDispatchThread.pumpOneEventForFilters(I)V+78 java.desktop@12
j  java.awt.EventDispatchThread.pumpEventsForFilter(ILjava/awt/Conditional;Ljava/awt/EventFilter;)V+35 java.desktop@12
j  java.awt.EventDispatchThread.pumpEventsForHierarchy(ILjava/awt/Conditional;Ljava/awt/Component;)V+11 java.desktop@12
j  java.awt.EventDispatchThread.pumpEvents(ILjava/awt/Conditional;)V+4 java.desktop@12
j  java.awt.EventDispatchThread.pumpEvents(Ljava/awt/Conditional;)V+3 java.desktop@12
j  java.awt.EventDispatchThread.run()V+9 java.desktop@12
v  ~StubRoutines::call_stub

siginfo: EXCEPTION_ACCESS_VIOLATION (0xc0000005), reading address 0x0000000000000073


Register to memory mapping:

RIP=0x00007ffb70292d66 glfw.dll
RAX=0x0 is NULL
RBX={method} {0x0000025c5c834648} 'invokePPPV' '(JJJJ)V' in 'org/lwjgl/system/JNI'
RCX=0xffffffffffffffff is an unknown value
RDX=0x0000025c55373698 points into unknown readable memory: 00 00 00 00 00 00 00 00
RSP=0x000000e6c3ffe138 is pointing into the stack for thread: 0x0000025c545a4000
RBP=0x000000e6c3ffe1f0 is pointing into the stack for thread: 0x0000025c545a4000
RSI=0x0000000000000140 is an unknown value
RDI=0x00000000000000cc is an unknown value
R8 =0x0000025c55373690 points into unknown readable memory: 00 00 00 00 00 00 00 00
R9 =0xffffffffffffffff is an unknown value
R10=0x0000025c3720f0c8 is at code_begin+1000 in an Interpreter codelet
method entry point (kind = native)  [0x0000025c3720ece0, 0x0000025c3720f840]  2912 bytes
R11=0x00000007076fd808 points into unknown readable memory: 01 51 d6 6b 40 00 00 00
R12=0x0 is NULL
R13={method} {0x0000025c5c834648} 'invokePPPV' '(JJJJ)V' in 'org/lwjgl/system/JNI'
R14=0x000000e6c3ffe248 is pointing into the stack for thread: 0x0000025c545a4000
R15=0x0000025c545a4000 is a thread


Registers:
RAX=0x0000000000000000, RBX=0x0000025c5c834640, RCX=0xffffffffffffffff, RDX=0x0000025c55373698
RSP=0x000000e6c3ffe138, RBP=0x000000e6c3ffe1f0, RSI=0x0000000000000140, RDI=0x00000000000000cc
R8 =0x0000025c55373690, R9 =0xffffffffffffffff, R10=0x0000025c3720f0c8, R11=0x00000007076fd808
R12=0x0000000000000000, R13=0x0000025c5c834640, R14=0x000000e6c3ffe248, R15=0x0000025c545a4000
RIP=0x00007ffb70292d66, EFLAGS=0x0000000000010202

Top of Stack: (sp=0x000000e6c3ffe138)
0x000000e6c3ffe138:   0000025c3720f0f7 000000e6c3ffe198
0x000000e6c3ffe148:   0000025c53388ba8 0000000000000000
0x000000e6c3ffe158:   0000000707a33128 0000025c55373698
0x000000e6c3ffe168:   0000025c55373690 000000e6c3ffe188
0x000000e6c3ffe178:   000000e6c3ffe1e8 0000025c37209950
0x000000e6c3ffe188:   0000000000000003 0000000000000000
0x000000e6c3ffe198:   00000007074aa038 000000e6c3ffe1a0
0x000000e6c3ffe1a8:   000000e6c3ffe1a8 0000000000000000
0x000000e6c3ffe1b8:   000000e6c3ffe248 0000025c5c85c160
0x000000e6c3ffe1c8:   0000000000000000 00000007076fd808
0x000000e6c3ffe1d8:   0000025c5c834640 0000000000000000
0x000000e6c3ffe1e8:   000000e6c3ffe210 000000e6c3ffe298
0x000000e6c3ffe1f8:   0000025c37209e73 00000007076fd808
0x000000e6c3ffe208:   0000025c3720c018 0000025c55373690
0x000000e6c3ffe218:   0000000000000000 0000025c55373698
0x000000e6c3ffe228:   0000000000000000 ffffffffffffffff 

Instructions: (pc=0x00007ffb70292d66)
0x00007ffb70292d46:   03 48 89 02 4d 85 c0 74 03 49 89 00 39 05 b8 0c
0x00007ffb70292d56:   05 00 75 0c 33 d2 b9 01 00 01 00 e9 3a ef ff ff
0x00007ffb70292d66:   81 79 74 03 40 03 00 75 1f 48 85 d2 74 0a 48 8b
0x00007ffb70292d76:   81 e0 01 00 00 48 89 02 4d 85 c0 74 10 48 8b 81 


Stack slot to memory mapping:
stack at sp + 0 slots: 0x0000025c3720f0f7 is at code_begin+1047 in an Interpreter codelet
method entry point (kind = native)  [0x0000025c3720ece0, 0x0000025c3720f840]  2912 bytes
stack at sp + 1 slots: 0x000000e6c3ffe198 is pointing into the stack for thread: 0x0000025c545a4000
stack at sp + 2 slots: 0x0000025c53388ba8 is pointing into metadata
stack at sp + 3 slots: 0x0 is NULL
stack at sp + 4 slots: 0x0000000707a33128 points into unknown readable memory: 01 91 68 61 7c 00 00 00
stack at sp + 5 slots: 0x0000025c55373698 points into unknown readable memory: 00 00 00 00 00 00 00 00
stack at sp + 6 slots: 0x0000025c55373690 points into unknown readable memory: 00 00 00 00 00 00 00 00
stack at sp + 7 slots: 0x000000e6c3ffe188 is pointing into the stack for thread: 0x0000025c545a4000


---------------  P R O C E S S  ---------------

Threads class SMR info:
_java_thread_list=0x0000025c54603b30, length=18, elements={
0x0000025c52c2e800, 0x0000025c52c2f800, 0x0000025c534cd800, 0x0000025c534ce800,
0x0000025c534d9000, 0x0000025c534dc000, 0x0000025c534e0800, 0x0000025c5359b800,
0x0000025c536b5800, 0x0000025c5399a800, 0x0000025c55085800, 0x0000025c53c25000,
0x0000025c549df800, 0x0000025c545a4000, 0x0000025c2edfd800, 0x0000025c5545b800,
0x0000025c5538a800, 0x0000025c54602000
}

Java Threads: ( => current thread )
  0x0000025c52c2e800 JavaThread "Reference Handler" daemon [_thread_blocked, id=24504, stack(0x000000e6c3700000,0x000000e6c3800000)]
  0x0000025c52c2f800 JavaThread "Finalizer" daemon [_thread_blocked, id=23692, stack(0x000000e6c3800000,0x000000e6c3900000)]
  0x0000025c534cd800 JavaThread "Signal Dispatcher" daemon [_thread_blocked, id=7536, stack(0x000000e6c3900000,0x000000e6c3a00000)]
  0x0000025c534ce800 JavaThread "Attach Listener" daemon [_thread_blocked, id=19696, stack(0x000000e6c3a00000,0x000000e6c3b00000)]
  0x0000025c534d9000 JavaThread "C2 CompilerThread0" daemon [_thread_blocked, id=22576, stack(0x000000e6c3b00000,0x000000e6c3c00000)]
  0x0000025c534dc000 JavaThread "C1 CompilerThread0" daemon [_thread_blocked, id=22244, stack(0x000000e6c3c00000,0x000000e6c3d00000)]
  0x0000025c534e0800 JavaThread "Sweeper thread" daemon [_thread_blocked, id=19772, stack(0x000000e6c3d00000,0x000000e6c3e00000)]
  0x0000025c5359b800 JavaThread "Common-Cleaner" daemon [_thread_blocked, id=12876, stack(0x000000e6c3e00000,0x000000e6c3f00000)]
  0x0000025c536b5800 JavaThread "Monitor Ctrl-Break" daemon [_thread_in_native, id=12072, stack(0x000000e6c4000000,0x000000e6c4100000)]
  0x0000025c5399a800 JavaThread "Service Thread" daemon [_thread_blocked, id=24168, stack(0x000000e6c4100000,0x000000e6c4200000)]
  0x0000025c55085800 JavaThread "Java2D Disposer" daemon [_thread_blocked, id=11612, stack(0x000000e6c4400000,0x000000e6c4500000)]
  0x0000025c53c25000 JavaThread "AWT-Shutdown" [_thread_blocked, id=1568, stack(0x000000e6c4500000,0x000000e6c4600000)]
  0x0000025c549df800 JavaThread "AWT-Windows" daemon [_thread_in_native, id=16916, stack(0x000000e6c4600000,0x000000e6c4700000)]
=>0x0000025c545a4000 JavaThread "AWT-EventQueue-0" [_thread_in_native, id=21272, stack(0x000000e6c3f00000,0x000000e6c4000000)]
  0x0000025c2edfd800 JavaThread "DestroyJavaVM" [_thread_blocked, id=23928, stack(0x000000e6c3000000,0x000000e6c3100000)]
  0x0000025c5545b800 JavaThread "D3D Screen Updater" daemon [_thread_blocked, id=22716, stack(0x000000e6c4300000,0x000000e6c4400000)]
  0x0000025c5538a800 JavaThread "C2 CompilerThread1" daemon [_thread_blocked, id=272, stack(0x000000e6c57c0000,0x000000e6c58c0000)]
  0x0000025c54602000 JavaThread "Thread-0" [_thread_in_native, id=3176, stack(0x000000e6c58c0000,0x000000e6c59c0000)]

Other Threads:
  0x0000025c52c2d800 VMThread "VM Thread" [stack: 0x000000e6c3600000,0x000000e6c3700000] [id=22012]
  0x0000025c5399f000 WatcherThread [stack: 0x000000e6c4200000,0x000000e6c4300000] [id=21856]
  0x0000025c2ee62800 GCTaskThread "GC Thread#0" [stack: 0x000000e6c3100000,0x000000e6c3200000] [id=10040]
  0x0000025c54f68800 GCTaskThread "GC Thread#1" [stack: 0x000000e6c49c0000,0x000000e6c4ac0000] [id=22356]
  0x0000025c54f69800 GCTaskThread "GC Thread#2" [stack: 0x000000e6c4ac0000,0x000000e6c4bc0000] [id=9084]
  0x0000025c54f6a000 GCTaskThread "GC Thread#3" [stack: 0x000000e6c4bc0000,0x000000e6c4cc0000] [id=19092]
  0x0000025c55358800 GCTaskThread "GC Thread#4" [stack: 0x000000e6c4cc0000,0x000000e6c4dc0000] [id=15740]
  0x0000025c55359000 GCTaskThread "GC Thread#5" [stack: 0x000000e6c4dc0000,0x000000e6c4ec0000] [id=18428]
  0x0000025c2ee7e000 ConcurrentGCThread "G1 Main Marker" [stack: 0x000000e6c3200000,0x000000e6c3300000] [id=2964]
  0x0000025c2ee7f000 ConcurrentGCThread "G1 Conc#0" [stack: 0x000000e6c3300000,0x000000e6c3400000] [id=18008]
  0x0000025c52b27000 ConcurrentGCThread "G1 Refine#0" [stack: 0x000000e6c3400000,0x000000e6c3500000] [id=19748]
  0x0000025c5554d800 ConcurrentGCThread "G1 Refine#1" [stack: 0x000000e6c4ec0000,0x000000e6c4fc0000] [id=14480]
  0x0000025c537be800 ConcurrentGCThread "G1 Refine#2" [stack: 0x000000e6c4fc0000,0x000000e6c50c0000] [id=21420]
  0x0000025c55486000 ConcurrentGCThread "G1 Refine#3" [stack: 0x000000e6c50c0000,0x000000e6c51c0000] [id=14300]
  0x0000025c54f5f800 ConcurrentGCThread "G1 Refine#4" [stack: 0x000000e6c51c0000,0x000000e6c52c0000] [id=24064]
  0x0000025c5535a800 ConcurrentGCThread "G1 Refine#5" [stack: 0x000000e6c52c0000,0x000000e6c53c0000] [id=22668]
  0x0000025c5534c800 ConcurrentGCThread "G1 Refine#6" [stack: 0x000000e6c53c0000,0x000000e6c54c0000] [id=19176]
  0x0000025c5534d000 ConcurrentGCThread "G1 Refine#7" [stack: 0x000000e6c54c0000,0x000000e6c55c0000] [id=18080]
  0x0000025c5534e000 ConcurrentGCThread "G1 Refine#8" [stack: 0x000000e6c55c0000,0x000000e6c56c0000] [id=23676]
  0x0000025c5534e800 ConcurrentGCThread "G1 Refine#9" [stack: 0x000000e6c56c0000,0x000000e6c57c0000] [id=8672]
  0x0000025c52b28000 ConcurrentGCThread "G1 Young RemSet Sampling" [stack: 0x000000e6c3500000,0x000000e6c3600000] [id=6808]

Threads with active compile tasks:

VM state:not at safepoint (normal execution)

VM Mutex/Monitor currently owned by a thread: None

Heap address: 0x0000000701800000, size: 4072 MB, Compressed Oops mode: Zero based, Oop shift amount: 3
Narrow klass base: 0x0000000800000000, Narrow klass shift: 3
Compressed class space size: 1073741824 Address: 0x00000008011a0000

Heap:
 garbage-first heap   total 112640K, used 38681K [0x0000000701800000, 0x0000000800000000)
  region size 1024K, 7 young (7168K), 0 survivors (0K)
 Metaspace       used 9631K, capacity 9992K, committed 10240K, reserved 1058816K
  class space    used 1057K, capacity 1255K, committed 1280K, reserved 1048576K
Heap Regions: E=young(eden), S=young(survivor), O=old, HS=humongous(starts), HC=humongous(continues), CS=collection set, F=free, A=archive, TAMS=top-at-mark-start (previous, next)
|   0|0x0000000701800000, 0x0000000701900000, 0x0000000701900000|100%| O|  |TAMS 0x0000000701800000, 0x0000000701800000| Untracked 
|   1|0x0000000701900000, 0x0000000701a00000, 0x0000000701a00000|100%|HS|  |TAMS 0x0000000701900000, 0x0000000701900000| Untracked 
|   2|0x0000000701a00000, 0x0000000701b00000, 0x0000000701b00000|100%|HC|  |TAMS 0x0000000701a00000, 0x0000000701a00000| Untracked 
|   3|0x0000000701b00000, 0x0000000701c00000, 0x0000000701c00000|100%| O|  |TAMS 0x0000000701b00000, 0x0000000701b00000| Untracked 
|   4|0x0000000701c00000, 0x0000000701d00000, 0x0000000701d00000|100%| O|  |TAMS 0x0000000701c00000, 0x0000000701c00000| Untracked 
|   5|0x0000000701d00000, 0x0000000701dfffe8, 0x0000000701e00000| 99%| O|  |TAMS 0x0000000701d00000, 0x0000000701d00000| Untracked 
|   6|0x0000000701e00000, 0x0000000701effff0, 0x0000000701f00000| 99%| O|  |TAMS 0x0000000701e00000, 0x0000000701e00000| Untracked 
|   7|0x0000000701f00000, 0x0000000701fffff0, 0x0000000702000000| 99%| O|  |TAMS 0x0000000701f00000, 0x0000000701f00000| Untracked 
|   8|0x0000000702000000, 0x00000007020ffff8, 0x0000000702100000| 99%| O|  |TAMS 0x0000000702000000, 0x0000000702000000| Untracked 
|   9|0x0000000702100000, 0x0000000702200000, 0x0000000702200000|100%| O|  |TAMS 0x0000000702100000, 0x0000000702100000| Untracked 
|  10|0x0000000702200000, 0x00000007022ffff8, 0x0000000702300000| 99%| O|  |TAMS 0x0000000702200000, 0x0000000702200000| Untracked 
|  11|0x0000000702300000, 0x00000007023fffd8, 0x0000000702400000| 99%| O|  |TAMS 0x0000000702300000, 0x0000000702300000| Untracked 
|  12|0x0000000702400000, 0x00000007024ffff0, 0x0000000702500000| 99%| O|  |TAMS 0x0000000702400000, 0x0000000702400000| Untracked 
|  13|0x0000000702500000, 0x00000007025ffff0, 0x0000000702600000| 99%| O|  |TAMS 0x0000000702500000, 0x0000000702500000| Untracked 
|  14|0x0000000702600000, 0x00000007026ffff8, 0x0000000702700000| 99%| O|  |TAMS 0x0000000702600000, 0x0000000702600000| Untracked 
|  15|0x0000000702700000, 0x0000000702800000, 0x0000000702800000|100%| O|  |TAMS 0x0000000702700000, 0x0000000702700000| Untracked 
|  16|0x0000000702800000, 0x00000007028ffff0, 0x0000000702900000| 99%| O|  |TAMS 0x0000000702800000, 0x0000000702800000| Untracked 
|  17|0x0000000702900000, 0x00000007029ffff0, 0x0000000702a00000| 99%| O|  |TAMS 0x0000000702900000, 0x0000000702900000| Untracked 
|  18|0x0000000702a00000, 0x0000000702aa1c60, 0x0000000702b00000| 63%| O|  |TAMS 0x0000000702a00000, 0x0000000702a00000| Untracked 
|  19|0x0000000702b00000, 0x0000000702c00000, 0x0000000702c00000|100%|HS|  |TAMS 0x0000000702b00000, 0x0000000702b00000| Untracked 
|  20|0x0000000702c00000, 0x0000000702d00000, 0x0000000702d00000|100%|HC|  |TAMS 0x0000000702c00000, 0x0000000702c00000| Untracked 
|  21|0x0000000702d00000, 0x0000000702e00000, 0x0000000702e00000|100%|HC|  |TAMS 0x0000000702d00000, 0x0000000702d00000| Untracked 
|  22|0x0000000702e00000, 0x0000000702e00000, 0x0000000702f00000|  0%| F|  |TAMS 0x0000000702e00000, 0x0000000702e00000| Untracked 
|  23|0x0000000702f00000, 0x0000000702f00000, 0x0000000703000000|  0%| F|  |TAMS 0x0000000702f00000, 0x0000000702f00000| Untracked 
|  24|0x0000000703000000, 0x0000000703000000, 0x0000000703100000|  0%| F|  |TAMS 0x0000000703000000, 0x0000000703000000| Untracked 
|  25|0x0000000703100000, 0x0000000703100000, 0x0000000703200000|  0%| F|  |TAMS 0x0000000703100000, 0x0000000703100000| Untracked 
|  26|0x0000000703200000, 0x0000000703200000, 0x0000000703300000|  0%| F|  |TAMS 0x0000000703200000, 0x0000000703200000| Untracked 
|  27|0x0000000703300000, 0x0000000703300000, 0x0000000703400000|  0%| F|  |TAMS 0x0000000703300000, 0x0000000703300000| Untracked 
|  28|0x0000000703400000, 0x0000000703400000, 0x0000000703500000|  0%| F|  |TAMS 0x0000000703400000, 0x0000000703400000| Untracked 
|  29|0x0000000703500000, 0x0000000703500000, 0x0000000703600000|  0%| F|  |TAMS 0x0000000703500000, 0x0000000703500000| Untracked 
|  30|0x0000000703600000, 0x0000000703600000, 0x0000000703700000|  0%| F|  |TAMS 0x0000000703600000, 0x0000000703600000| Untracked 
|  31|0x0000000703700000, 0x0000000703700000, 0x0000000703800000|  0%| F|  |TAMS 0x0000000703700000, 0x0000000703700000| Untracked 
|  32|0x0000000703800000, 0x0000000703800000, 0x0000000703900000|  0%| F|  |TAMS 0x0000000703800000, 0x0000000703800000| Untracked 
|  33|0x0000000703900000, 0x0000000703900000, 0x0000000703a00000|  0%| F|  |TAMS 0x0000000703900000, 0x0000000703900000| Untracked 
|  34|0x0000000703a00000, 0x0000000703a00000, 0x0000000703b00000|  0%| F|  |TAMS 0x0000000703a00000, 0x0000000703a00000| Untracked 
|  35|0x0000000703b00000, 0x0000000703b00000, 0x0000000703c00000|  0%| F|  |TAMS 0x0000000703b00000, 0x0000000703b00000| Untracked 
|  36|0x0000000703c00000, 0x0000000703c00000, 0x0000000703d00000|  0%| F|  |TAMS 0x0000000703c00000, 0x0000000703c00000| Untracked 
|  37|0x0000000703d00000, 0x0000000703d00000, 0x0000000703e00000|  0%| F|  |TAMS 0x0000000703d00000, 0x0000000703d00000| Untracked 
|  38|0x0000000703e00000, 0x0000000703e00000, 0x0000000703f00000|  0%| F|  |TAMS 0x0000000703e00000, 0x0000000703e00000| Untracked 
|  39|0x0000000703f00000, 0x0000000703f00000, 0x0000000704000000|  0%| F|  |TAMS 0x0000000703f00000, 0x0000000703f00000| Untracked 
|  40|0x0000000704000000, 0x0000000704000000, 0x0000000704100000|  0%| F|  |TAMS 0x0000000704000000, 0x0000000704000000| Untracked 
|  41|0x0000000704100000, 0x0000000704100000, 0x0000000704200000|  0%| F|  |TAMS 0x0000000704100000, 0x0000000704100000| Untracked 
|  42|0x0000000704200000, 0x0000000704200000, 0x0000000704300000|  0%| F|  |TAMS 0x0000000704200000, 0x0000000704200000| Untracked 
|  43|0x0000000704300000, 0x0000000704300000, 0x0000000704400000|  0%| F|  |TAMS 0x0000000704300000, 0x0000000704300000| Untracked 
|  44|0x0000000704400000, 0x0000000704400000, 0x0000000704500000|  0%| F|  |TAMS 0x0000000704400000, 0x0000000704400000| Untracked 
|  45|0x0000000704500000, 0x0000000704500000, 0x0000000704600000|  0%| F|  |TAMS 0x0000000704500000, 0x0000000704500000| Untracked 
|  46|0x0000000704600000, 0x0000000704600000, 0x0000000704700000|  0%| F|  |TAMS 0x0000000704600000, 0x0000000704600000| Untracked 
|  47|0x0000000704700000, 0x0000000704700000, 0x0000000704800000|  0%| F|  |TAMS 0x0000000704700000, 0x0000000704700000| Untracked 
|  48|0x0000000704800000, 0x0000000704800000, 0x0000000704900000|  0%| F|  |TAMS 0x0000000704800000, 0x0000000704800000| Untracked 
|  49|0x0000000704900000, 0x0000000704900000, 0x0000000704a00000|  0%| F|  |TAMS 0x0000000704900000, 0x0000000704900000| Untracked 
|  50|0x0000000704a00000, 0x0000000704a00000, 0x0000000704b00000|  0%| F|  |TAMS 0x0000000704a00000, 0x0000000704a00000| Untracked 
|  51|0x0000000704b00000, 0x0000000704b00000, 0x0000000704c00000|  0%| F|  |TAMS 0x0000000704b00000, 0x0000000704b00000| Untracked 
|  52|0x0000000704c00000, 0x0000000704c00000, 0x0000000704d00000|  0%| F|  |TAMS 0x0000000704c00000, 0x0000000704c00000| Untracked 
|  53|0x0000000704d00000, 0x0000000704d00000, 0x0000000704e00000|  0%| F|  |TAMS 0x0000000704d00000, 0x0000000704d00000| Untracked 
|  54|0x0000000704e00000, 0x0000000704e00000, 0x0000000704f00000|  0%| F|  |TAMS 0x0000000704e00000, 0x0000000704e00000| Untracked 
|  55|0x0000000704f00000, 0x0000000704f00000, 0x0000000705000000|  0%| F|  |TAMS 0x0000000704f00000, 0x0000000704f00000| Untracked 
|  56|0x0000000705000000, 0x0000000705000000, 0x0000000705100000|  0%| F|  |TAMS 0x0000000705000000, 0x0000000705000000| Untracked 
|  57|0x0000000705100000, 0x0000000705100000, 0x0000000705200000|  0%| F|  |TAMS 0x0000000705100000, 0x0000000705100000| Untracked 
|  58|0x0000000705200000, 0x0000000705200000, 0x0000000705300000|  0%| F|  |TAMS 0x0000000705200000, 0x0000000705200000| Untracked 
|  59|0x0000000705300000, 0x0000000705300000, 0x0000000705400000|  0%| F|  |TAMS 0x0000000705300000, 0x0000000705300000| Untracked 
|  60|0x0000000705400000, 0x0000000705400000, 0x0000000705500000|  0%| F|  |TAMS 0x0000000705400000, 0x0000000705400000| Untracked 
|  61|0x0000000705500000, 0x0000000705500000, 0x0000000705600000|  0%| F|  |TAMS 0x0000000705500000, 0x0000000705500000| Untracked 
|  62|0x0000000705600000, 0x0000000705600000, 0x0000000705700000|  0%| F|  |TAMS 0x0000000705600000, 0x0000000705600000| Untracked 
|  63|0x0000000705700000, 0x0000000705700000, 0x0000000705800000|  0%| F|  |TAMS 0x0000000705700000, 0x0000000705700000| Untracked 
|  64|0x0000000705800000, 0x0000000705800000, 0x0000000705900000|  0%| F|  |TAMS 0x0000000705800000, 0x0000000705800000| Untracked 
|  65|0x0000000705900000, 0x0000000705900000, 0x0000000705a00000|  0%| F|  |TAMS 0x0000000705900000, 0x0000000705900000| Untracked 
|  66|0x0000000705a00000, 0x0000000705a00000, 0x0000000705b00000|  0%| F|  |TAMS 0x0000000705a00000, 0x0000000705a00000| Untracked 
|  67|0x0000000705b00000, 0x0000000705b00000, 0x0000000705c00000|  0%| F|  |TAMS 0x0000000705b00000, 0x0000000705b00000| Untracked 
|  68|0x0000000705c00000, 0x0000000705c00000, 0x0000000705d00000|  0%| F|  |TAMS 0x0000000705c00000, 0x0000000705c00000| Untracked 
|  69|0x0000000705d00000, 0x0000000705d00000, 0x0000000705e00000|  0%| F|  |TAMS 0x0000000705d00000, 0x0000000705d00000| Untracked 
|  70|0x0000000705e00000, 0x0000000705e00000, 0x0000000705f00000|  0%| F|  |TAMS 0x0000000705e00000, 0x0000000705e00000| Untracked 
|  71|0x0000000705f00000, 0x0000000705f00000, 0x0000000706000000|  0%| F|  |TAMS 0x0000000705f00000, 0x0000000705f00000| Untracked 
|  72|0x0000000706000000, 0x0000000706000000, 0x0000000706100000|  0%| F|  |TAMS 0x0000000706000000, 0x0000000706000000| Untracked 
|  73|0x0000000706100000, 0x0000000706100000, 0x0000000706200000|  0%| F|  |TAMS 0x0000000706100000, 0x0000000706100000| Untracked 
|  74|0x0000000706200000, 0x0000000706200000, 0x0000000706300000|  0%| F|  |TAMS 0x0000000706200000, 0x0000000706200000| Untracked 
|  75|0x0000000706300000, 0x0000000706300000, 0x0000000706400000|  0%| F|  |TAMS 0x0000000706300000, 0x0000000706300000| Untracked 
|  76|0x0000000706400000, 0x0000000706400000, 0x0000000706500000|  0%| F|  |TAMS 0x0000000706400000, 0x0000000706400000| Untracked 
|  77|0x0000000706500000, 0x0000000706500000, 0x0000000706600000|  0%| F|  |TAMS 0x0000000706500000, 0x0000000706500000| Untracked 
|  78|0x0000000706600000, 0x0000000706600000, 0x0000000706700000|  0%| F|  |TAMS 0x0000000706600000, 0x0000000706600000| Untracked 
|  79|0x0000000706700000, 0x0000000706700000, 0x0000000706800000|  0%| F|  |TAMS 0x0000000706700000, 0x0000000706700000| Untracked 
|  80|0x0000000706800000, 0x0000000706800000, 0x0000000706900000|  0%| F|  |TAMS 0x0000000706800000, 0x0000000706800000| Untracked 
|  81|0x0000000706900000, 0x0000000706900000, 0x0000000706a00000|  0%| F|  |TAMS 0x0000000706900000, 0x0000000706900000| Untracked 
|  82|0x0000000706a00000, 0x0000000706a00000, 0x0000000706b00000|  0%| F|  |TAMS 0x0000000706a00000, 0x0000000706a00000| Untracked 
|  83|0x0000000706b00000, 0x0000000706b00000, 0x0000000706c00000|  0%| F|  |TAMS 0x0000000706b00000, 0x0000000706b00000| Untracked 
|  84|0x0000000706c00000, 0x0000000706c00000, 0x0000000706d00000|  0%| F|  |TAMS 0x0000000706c00000, 0x0000000706c00000| Untracked 
|  85|0x0000000706d00000, 0x0000000706d00000, 0x0000000706e00000|  0%| F|  |TAMS 0x0000000706d00000, 0x0000000706d00000| Untracked 
|  86|0x0000000706e00000, 0x0000000706e00000, 0x0000000706f00000|  0%| F|  |TAMS 0x0000000706e00000, 0x0000000706e00000| Untracked 
|  87|0x0000000706f00000, 0x0000000706f00000, 0x0000000707000000|  0%| F|  |TAMS 0x0000000706f00000, 0x0000000706f00000| Untracked 
|  88|0x0000000707000000, 0x0000000707000000, 0x0000000707100000|  0%| F|  |TAMS 0x0000000707000000, 0x0000000707000000| Untracked 
|  89|0x0000000707100000, 0x0000000707100000, 0x0000000707200000|  0%| F|  |TAMS 0x0000000707100000, 0x0000000707100000| Untracked 
|  90|0x0000000707200000, 0x0000000707200000, 0x0000000707300000|  0%| F|  |TAMS 0x0000000707200000, 0x0000000707200000| Untracked 
|  91|0x0000000707300000, 0x0000000707300000, 0x0000000707400000|  0%| F|  |TAMS 0x0000000707300000, 0x0000000707300000| Untracked 
|  92|0x0000000707400000, 0x00000007074df850, 0x0000000707500000| 87%| E|  |TAMS 0x0000000707400000, 0x0000000707400000| Complete 
|  93|0x0000000707500000, 0x0000000707600000, 0x0000000707600000|100%| E|CS|TAMS 0x0000000707500000, 0x0000000707500000| Complete 
|  94|0x0000000707600000, 0x0000000707700000, 0x0000000707700000|100%| E|CS|TAMS 0x0000000707600000, 0x0000000707600000| Complete 
|  95|0x0000000707700000, 0x0000000707800000, 0x0000000707800000|100%| E|CS|TAMS 0x0000000707700000, 0x0000000707700000| Complete 
|  96|0x0000000707800000, 0x00000007078fffe8, 0x0000000707900000| 99%| O|  |TAMS 0x0000000707800000, 0x0000000707800000| Untracked 
|  97|0x0000000707900000, 0x00000007079f7130, 0x0000000707a00000| 96%| O|  |TAMS 0x0000000707900000, 0x0000000707900000| Untracked 
|  98|0x0000000707a00000, 0x0000000707b00000, 0x0000000707b00000|100%| E|CS|TAMS 0x0000000707a00000, 0x0000000707a00000| Complete 
|  99|0x0000000707b00000, 0x0000000707bffff0, 0x0000000707c00000| 99%| O|  |TAMS 0x0000000707b00000, 0x0000000707b00000| Untracked 
| 100|0x0000000707c00000, 0x0000000707d00000, 0x0000000707d00000|100%| E|CS|TAMS 0x0000000707c00000, 0x0000000707c00000| Complete 
| 101|0x0000000707d00000, 0x0000000707e00000, 0x0000000707e00000|100%| E|CS|TAMS 0x0000000707d00000, 0x0000000707d00000| Complete 
| 103|0x0000000707f00000, 0x0000000707fc9a00, 0x0000000708000000| 78%| O|  |TAMS 0x0000000707f00000, 0x0000000707f00000| Untracked 
| 179|0x000000070cb00000, 0x000000070cbffff8, 0x000000070cc00000| 99%| O|  |TAMS 0x000000070cb00000, 0x000000070cb00000| Untracked 
| 182|0x000000070ce00000, 0x000000070ceffff0, 0x000000070cf00000| 99%| O|  |TAMS 0x000000070ce00000, 0x000000070ce00000| Untracked 
| 185|0x000000070d100000, 0x000000070d1b5fd0, 0x000000070d200000| 71%| O|  |TAMS 0x000000070d100000, 0x000000070d100000| Untracked 
| 243|0x0000000710b00000, 0x0000000710bfffd0, 0x0000000710c00000| 99%| O|  |TAMS 0x0000000710b00000, 0x0000000710b00000| Untracked 
| 245|0x0000000710d00000, 0x0000000710e00000, 0x0000000710e00000|100%| O|  |TAMS 0x0000000710d00000, 0x0000000710d00000| Untracked 
| 249|0x0000000711100000, 0x00000007111ed0d8, 0x0000000711200000| 92%| O|  |TAMS 0x0000000711100000, 0x0000000711100000| Untracked 
| 254|0x0000000711600000, 0x00000007116c1078, 0x0000000711700000| 75%| O|  |TAMS 0x0000000711600000, 0x0000000711600000| Untracked 

Card table byte_map: [0x0000025c46f50000,0x0000025c47750000] _byte_map_base: 0x0000025c43744000

Marking Bits (Prev, Next): (CMBitMap*) 0x0000025c2ee63568, (CMBitMap*) 0x0000025c2ee635a8
 Prev Bits: [0x0000025c47f50000, 0x0000025c4bef0000)
 Next Bits: [0x0000025c4bef0000, 0x0000025c4fe90000)

Polling page: 0x0000025c2cae0000

Metaspace:

Usage:
  Non-class:      8.53 MB capacity,     8.37 MB ( 98%) used,   127.06 KB (  1%) free+waste,    36.44 KB ( <1%) overhead. 
      Class:      1.23 MB capacity,     1.03 MB ( 84%) used,   176.11 KB ( 14%) free+waste,    21.19 KB (  2%) overhead. 
       Both:      9.76 MB capacity,     9.41 MB ( 96%) used,   303.17 KB (  3%) free+waste,    57.63 KB ( <1%) overhead. 

Virtual space:
  Non-class space:       10.00 MB reserved,       8.75 MB ( 88%) committed 
      Class space:        1.00 GB reserved,       1.25 MB ( <1%) committed 
             Both:        1.01 GB reserved,      10.00 MB ( <1%) committed 

Chunk freelists:
   Non-Class:  3.88 KB
       Class:  3.13 KB
        Both:  7.00 KB

CodeHeap 'non-profiled nmethods': size=120000Kb used=547Kb max_used=547Kb free=119452Kb
 bounds [0x0000025c3ecd0000, 0x0000025c3ef40000, 0x0000025c46200000]
CodeHeap 'profiled nmethods': size=120000Kb used=2347Kb max_used=2347Kb free=117652Kb
 bounds [0x0000025c377a0000, 0x0000025c37a10000, 0x0000025c3ecd0000]
CodeHeap 'non-nmethods': size=5760Kb used=1474Kb max_used=1499Kb free=4286Kb
 bounds [0x0000025c37200000, 0x0000025c37470000, 0x0000025c377a0000]
 total_blobs=2514 nmethods=1279 adapters=882
 compilation: enabled
              stopped_count=0, restarted_count=0
 full_count=0

Compilation events (10 events):
Event: 1.787 Thread 0x0000025c534dc000 1281       3       org.lwjgl.system.MemoryUtil::memAddress (8 bytes)
Event: 1.787 Thread 0x0000025c534dc000 nmethod 1281 0x0000025c379e9b90 code [0x0000025c379e9d60, 0x0000025c379e9ff8]
Event: 1.787 Thread 0x0000025c534dc000 1282       3       me.dylancurzon.pages.util.Vector2d::<init> (15 bytes)
Event: 1.787 Thread 0x0000025c534dc000 nmethod 1282 0x0000025c379ea110 code [0x0000025c379ea2c0, 0x0000025c379ea498]
Event: 1.794 Thread 0x0000025c534dc000 1283       1       me.dylancurzon.pages.event.bus.EventListener::getConsumer (5 bytes)
Event: 1.794 Thread 0x0000025c534dc000 nmethod 1283 0x0000025c3ed58a10 code [0x0000025c3ed58bc0, 0x0000025c3ed58cf8]
Event: 1.801 Thread 0x0000025c534dc000 1284       3       java.util.stream.AbstractPipeline::isParallel (8 bytes)
Event: 1.801 Thread 0x0000025c534dc000 nmethod 1284 0x0000025c379ea590 code [0x0000025c379ea740, 0x0000025c379ea8d8]
Event: 1.801 Thread 0x0000025c534dc000 1285       3       java.util.stream.PipelineHelper::<init> (5 bytes)
Event: 1.801 Thread 0x0000025c534dc000 nmethod 1285 0x0000025c379ea990 code [0x0000025c379eab40, 0x0000025c379ead18]

GC Heap History (4 events):
Event: 1.484 GC heap before
{Heap before GC invocations=0 (full 0):
 garbage-first heap   total 262144K, used 27648K [0x0000000701800000, 0x0000000800000000)
  region size 1024K, 24 young (24576K), 0 survivors (0K)
 Metaspace       used 7639K, capacity 7960K, committed 8192K, reserved 1056768K
  class space    used 866K, capacity 1023K, committed 1024K, reserved 1048576K
}
Event: 1.497 GC heap after
{Heap after GC invocations=1 (full 0):
 garbage-first heap   total 262144K, used 18781K [0x0000000701800000, 0x0000000800000000)
  region size 1024K, 3 young (3072K), 3 survivors (3072K)
 Metaspace       used 7639K, capacity 7960K, committed 8192K, reserved 1056768K
  class space    used 866K, capacity 1023K, committed 1024K, reserved 1048576K
}
Event: 1.551 GC heap before
{Heap before GC invocations=1 (full 0):
 garbage-first heap   total 262144K, used 38237K [0x0000000701800000, 0x0000000800000000)
  region size 1024K, 17 young (17408K), 3 survivors (3072K)
 Metaspace       used 7660K, capacity 7960K, committed 8192K, reserved 1056768K
  class space    used 868K, capacity 1023K, committed 1024K, reserved 1048576K
}
Event: 1.584 GC heap after
{Heap after GC invocations=2 (full 1):
 garbage-first heap   total 112640K, used 32537K [0x0000000701800000, 0x0000000800000000)
  region size 1024K, 0 young (0K), 0 survivors (0K)
 Metaspace       used 7660K, capacity 7960K, committed 8192K, reserved 1056768K
  class space    used 868K, capacity 1023K, committed 1024K, reserved 1048576K
}

Deoptimization events (10 events):
Event: 0.501 Thread 0x0000025c2edfd800 Uncommon trap: reason=class_check action=maybe_recompile pc=0x0000025c3ecf3078 method=java.util.HashMap.putVal(ILjava/lang/Object;Ljava/lang/Object;ZZ)Ljava/lang/Object; @ 91 c2
Event: 0.531 Thread 0x0000025c2edfd800 Uncommon trap: reason=unstable_if action=reinterpret pc=0x0000025c3ecf31c4 method=java.util.HashMap.hash(Ljava/lang/Object;)I @ 1 c2
Event: 0.542 Thread 0x0000025c549df800 Uncommon trap: reason=class_check action=maybe_recompile pc=0x0000025c3ecf8fd8 method=java.util.HashMap.putVal(ILjava/lang/Object;Ljava/lang/Object;ZZ)Ljava/lang/Object; @ 203 c2
Event: 0.542 Thread 0x0000025c549df800 Uncommon trap: reason=class_check action=maybe_recompile pc=0x0000025c3ecf8ecc method=java.util.HashMap.putVal(ILjava/lang/Object;Ljava/lang/Object;ZZ)Ljava/lang/Object; @ 91 c2
Event: 0.571 Thread 0x0000025c2edfd800 Uncommon trap: reason=unstable_if action=reinterpret pc=0x0000025c3ed203d4 method=java.util.HashMap.putVal(ILjava/lang/Object;Ljava/lang/Object;ZZ)Ljava/lang/Object; @ 193 c2
Event: 1.544 Thread 0x0000025c545a4000 Uncommon trap: reason=unstable_if action=reinterpret pc=0x0000025c3ed39b84 method=me.dylancurzon.testgame.tile.Level.generateTestLevel()Lme/dylancurzon/dontdie/tile/Level; @ 16 c2
Event: 1.614 Thread 0x0000025c545a4000 Uncommon trap: reason=unstable_if action=reinterpret pc=0x0000025c3ecf62b4 method=me.dylancurzon.pages.util.Vector2i.equals(Ljava/lang/Object;)Z @ 37 c2
Event: 1.633 Thread 0x0000025c545a4000 Uncommon trap: reason=unstable_if action=reinterpret pc=0x0000025c3ed2d1b4 method=jdk.internal.org.objectweb.asm.Frame.execute(IILjdk/internal/org/objectweb/asm/Symbol;Ljdk/internal/org/objectweb/asm/SymbolTable;)V @ 1 c2
Event: 1.644 Thread 0x0000025c545a4000 Uncommon trap: reason=unstable_if action=reinterpret pc=0x0000025c3ece4710 method=java.io.WinNTFileSystem.isSlash(C)Z @ 9 c2
Event: 1.725 Thread 0x0000025c545a4000 Uncommon trap: reason=predicate action=maybe_recompile pc=0x0000025c3ed43f0c method=me.dylancurzon.testgame.designer.gameState.DesignerLevelState.start()V @ 131 c2

Classes redefined (0 events):
No events

Internal exceptions (10 events):
Event: 0.509 Thread 0x0000025c2edfd800 Exception <a 'java/lang/NoSuchMethodError'{0x000000071078cac8}: java.lang.invoke.DirectMethodHandle$Holder.invokeStatic(Ljava/lang/Object;ILjava/lang/Object;Ljava/lang/Object;Ljava/lang/Object;)Ljava/lang/Object;> (0x000000071078cac8) thrown at [t:/worksp
Event: 0.509 Thread 0x0000025c2edfd800 Exception <a 'java/lang/NoSuchMethodError'{0x0000000710790320}: java.lang.invoke.DirectMethodHandle$Holder.invokeSpecial(Ljava/lang/Object;Ljava/lang/Object;ILjava/lang/Object;Ljava/lang/Object;Ljava/lang/Object;)Ljava/lang/Object;> (0x0000000710790320) t
Event: 0.526 Thread 0x0000025c2edfd800 Exception <a 'java/lang/ClassNotFoundException'{0x000000071064fa70}: com/sun/swing/internal/plaf/metal/resources/spi/metalProvider> (0x000000071064fa70) thrown at [t:/workspace/open/src/hotspot/share/classfile/systemDictionary.cpp, line 235]
Event: 0.527 Thread 0x0000025c2edfd800 Exception <a 'java/lang/ClassNotFoundException'{0x0000000710653fc0}: com/sun/swing/internal/plaf/basic/resources/spi/basicProvider> (0x0000000710653fc0) thrown at [t:/workspace/open/src/hotspot/share/classfile/systemDictionary.cpp, line 235]
Event: 0.531 Thread 0x0000025c2edfd800 Implicit null exception at 0x0000025c3ecf268e to 0x0000025c3ecf31aa
Event: 0.558 Thread 0x0000025c2edfd800 Exception <a 'java/lang/NoSuchMethodError'{0x00000007106b61e0}: java.lang.invoke.DirectMethodHandle$Holder.invokeStaticInit(Ljava/lang/Object;)V> (0x00000007106b61e0) thrown at [t:/workspace/open/src/hotspot/share/interpreter/linkResolver.cpp, line 777]
Event: 0.581 Thread 0x0000025c2edfd800 Exception <a 'java/lang/NoSuchMethodError'{0x000000071054c0f8}: java.lang.invoke.Invokers$Holder.linkToTargetMethod(Ljava/lang/Object;ILjava/lang/Object;)Ljava/lang/Object;> (0x000000071054c0f8) thrown at [t:/workspace/open/src/hotspot/share/interpreter/l
Event: 1.598 Thread 0x0000025c545a4000 Exception <a 'java/lang/NoSuchMethodError'{0x0000000707debce8}: java.lang.invoke.DirectMethodHandle$Holder.invokeStatic(Ljava/lang/Object;Ljava/lang/Object;Ljava/lang/Object;Ljava/lang/Object;)V> (0x0000000707debce8) thrown at [t:/workspace/open/src/hotsp
Event: 1.635 Thread 0x0000025c545a4000 Exception <a 'java/lang/NoSuchMethodError'{0x0000000707aaad28}: java.lang.invoke.DelegatingMethodHandle$Holder.delegate(Ljava/lang/Object;Ljava/lang/Object;ILjava/lang/Object;)V> (0x0000000707aaad28) thrown at [t:/workspace/open/src/hotspot/share/interpre
Event: 1.635 Thread 0x0000025c545a4000 Exception <a 'java/lang/NoSuchMethodError'{0x0000000707ab1be0}: java.lang.invoke.DirectMethodHandle$Holder.invokeStaticInit(Ljava/lang/Object;Ljava/lang/Object;Ljava/lang/Object;)Ljava/lang/Object;> (0x0000000707ab1be0) thrown at [t:/workspace/open/src/ho

Events (10 events):
Event: 1.709 loading class java/lang/StackTraceElement$HashedModules done
Event: 1.718 Thread 0x0000025c545a4000 DEOPT PACKING pc=0x0000025c379557ce sp=0x000000e6c3ffe220
Event: 1.718 Thread 0x0000025c545a4000 DEOPT UNPACKING pc=0x0000025c37229a4e sp=0x000000e6c3ffd860 mode 0
Event: 1.725 Thread 0x0000025c545a4000 Uncommon trap: trap_request=0xffffff7e fr.pc=0x0000025c3ed43f0c relative=0x00000000000000cc
Event: 1.725 Thread 0x0000025c545a4000 DEOPT PACKING pc=0x0000025c3ed43f0c sp=0x000000e6c3ffe400
Event: 1.725 Thread 0x0000025c545a4000 DEOPT UNPACKING pc=0x0000025c37229c2f sp=0x000000e6c3ffe370 mode 2
Event: 1.803 Executing VM operation: RevokeBias
Event: 1.803 Executing VM operation: RevokeBias done
Event: 1.803 loading class org/lwjgl/glfw/EventLoop$OffScreen
Event: 1.803 loading class org/lwjgl/glfw/EventLoop$OffScreen done


Dynamic libraries:
0x00007ff7fce60000 - 0x00007ff7fce6f000 	C:\Program Files\Java\jdk-12\bin\java.exe
0x00007ffb95b00000 - 0x00007ffb95ce1000 	C:\WINDOWS\SYSTEM32\ntdll.dll
0x00007ffb93940000 - 0x00007ffb939f2000 	C:\WINDOWS\System32\KERNEL32.DLL
0x00007ffb92180000 - 0x00007ffb923f3000 	C:\WINDOWS\System32\KERNELBASE.dll
0x00007ffb91fd0000 - 0x00007ffb920c8000 	C:\WINDOWS\System32\ucrtbase.dll
0x00007ffb86630000 - 0x00007ffb86648000 	C:\Program Files\Java\jdk-12\bin\jli.dll
0x00007ffb8df90000 - 0x00007ffb8dfa6000 	C:\Program Files\Java\jdk-12\bin\VCRUNTIME140.dll
0x00007ffb94080000 - 0x00007ffb94121000 	C:\WINDOWS\System32\ADVAPI32.dll
0x00007ffb959d0000 - 0x00007ffb95a6e000 	C:\WINDOWS\System32\msvcrt.dll
0x00007ffb94400000 - 0x00007ffb9445b000 	C:\WINDOWS\System32\sechost.dll
0x00007ffb942d0000 - 0x00007ffb943f4000 	C:\WINDOWS\System32\RPCRT4.dll
0x00007ffb93cd0000 - 0x00007ffb93e60000 	C:\WINDOWS\System32\USER32.dll
0x00007ffb92810000 - 0x00007ffb92830000 	C:\WINDOWS\System32\win32u.dll
0x00007ffb93a00000 - 0x00007ffb93a28000 	C:\WINDOWS\System32\GDI32.dll
0x00007ffb85af0000 - 0x00007ffb85d59000 	C:\WINDOWS\WinSxS\amd64_microsoft.windows.common-controls_6595b64144ccf1df_6.0.17134.648_none_fb45a0e93062a6d2\COMCTL32.dll
0x00007ffb92480000 - 0x00007ffb92612000 	C:\WINDOWS\System32\gdi32full.dll
0x00007ffb935f0000 - 0x00007ffb93912000 	C:\WINDOWS\System32\combase.dll
0x00007ffb91ed0000 - 0x00007ffb91f6f000 	C:\WINDOWS\System32\msvcp_win.dll
0x00007ffb92400000 - 0x00007ffb9247a000 	C:\WINDOWS\System32\bcryptPrimitives.dll
0x00007ffb8d090000 - 0x00007ffb8d09a000 	C:\WINDOWS\SYSTEM32\VERSION.dll
0x00007ffb959a0000 - 0x00007ffb959cd000 	C:\WINDOWS\System32\IMM32.DLL
0x00007ffb79de0000 - 0x00007ffb79e8a000 	C:\Program Files\Java\jdk-12\bin\msvcp140.dll
0x00007ffb384c0000 - 0x00007ffb39034000 	C:\Program Files\Java\jdk-12\bin\server\jvm.dll
0x00007ffb94540000 - 0x00007ffb94548000 	C:\WINDOWS\System32\PSAPI.DLL
0x00007ffb89bd0000 - 0x00007ffb89bf3000 	C:\WINDOWS\SYSTEM32\WINMM.dll
0x00007ffb83720000 - 0x00007ffb83729000 	C:\WINDOWS\SYSTEM32\WSOCK32.dll
0x00007ffb93a30000 - 0x00007ffb93a9c000 	C:\WINDOWS\System32\WS2_32.dll
0x00007ffb89ba0000 - 0x00007ffb89bca000 	C:\WINDOWS\SYSTEM32\winmmbase.dll
0x00007ffb92f40000 - 0x00007ffb92f89000 	C:\WINDOWS\System32\cfgmgr32.dll
0x00007ffb91eb0000 - 0x00007ffb91ec1000 	C:\WINDOWS\System32\kernel.appcore.dll
0x00007ffb806a0000 - 0x00007ffb806b1000 	C:\Program Files\Java\jdk-12\bin\verify.dll
0x00007ffb830a0000 - 0x00007ffb83269000 	C:\WINDOWS\SYSTEM32\DBGHELP.DLL
0x00007ffb82f30000 - 0x00007ffb82f59000 	C:\WINDOWS\SYSTEM32\dbgcore.DLL
0x00007ffb80670000 - 0x00007ffb80696000 	C:\Program Files\Java\jdk-12\bin\java.dll
0x00007ffb8ec00000 - 0x00007ffb8ec0e000 	C:\Program Files\Java\jdk-12\bin\instrument.dll
0x00007ffb80650000 - 0x00007ffb80667000 	C:\Program Files\Java\jdk-12\bin\zip.dll
0x00007ffb8eba0000 - 0x00007ffb8ebaa000 	C:\Program Files\Java\jdk-12\bin\jimage.dll
0x00007ffb94560000 - 0x00007ffb959a0000 	C:\WINDOWS\System32\SHELL32.dll
0x00007ffb93540000 - 0x00007ffb935e9000 	C:\WINDOWS\System32\shcore.dll
0x00007ffb92830000 - 0x00007ffb92f3d000 	C:\WINDOWS\System32\windows.storage.dll
0x00007ffb94460000 - 0x00007ffb944b1000 	C:\WINDOWS\System32\shlwapi.dll
0x00007ffb91e40000 - 0x00007ffb91e5f000 	C:\WINDOWS\System32\profapi.dll
0x00007ffb91e60000 - 0x00007ffb91eac000 	C:\WINDOWS\System32\powrprof.dll
0x00007ffb91e10000 - 0x00007ffb91e1a000 	C:\WINDOWS\System32\FLTLIB.DLL
0x00007ffb80610000 - 0x00007ffb80629000 	C:\Program Files\Java\jdk-12\bin\net.dll
0x00007ffb84e30000 - 0x00007ffb84ff8000 	C:\WINDOWS\SYSTEM32\urlmon.dll
0x00007ffb8da70000 - 0x00007ffb8db4d000 	C:\WINDOWS\SYSTEM32\WINHTTP.dll
0x00007ffb842e0000 - 0x00007ffb84585000 	C:\WINDOWS\SYSTEM32\iertutil.dll
0x00007ffb91840000 - 0x00007ffb9184b000 	C:\WINDOWS\SYSTEM32\CRYPTBASE.DLL
0x00007ffb91690000 - 0x00007ffb916f6000 	C:\WINDOWS\system32\mswsock.dll
0x00007ffb805f0000 - 0x00007ffb80603000 	C:\Program Files\Java\jdk-12\bin\nio.dll
0x00007ffb805d0000 - 0x00007ffb805ea000 	C:\Program Files\JetBrains\IntelliJ IDEA Community Edition 2019.1\bin\breakgen64.dll
0x00007ffb631f0000 - 0x00007ffb6338f000 	C:\Program Files\Java\jdk-12\bin\awt.dll
0x00007ffb93ab0000 - 0x00007ffb93b73000 	C:\WINDOWS\System32\OLEAUT32.dll
0x00007ffb8f4f0000 - 0x00007ffb8fab7000 	C:\WINDOWS\SYSTEM32\d2d1.dll
0x00007ffb90260000 - 0x00007ffb902eb000 	C:\WINDOWS\SYSTEM32\apphelp.dll
0x00007ffb905a0000 - 0x00007ffb905c9000 	C:\WINDOWS\system32\DWMAPI.DLL
0x00007ffb90420000 - 0x00007ffb904b8000 	C:\WINDOWS\system32\uxtheme.dll
0x00007ffb5a1d0000 - 0x00007ffb5a2f0000 	C:\WINDOWS\system32\opengl32.dll
0x00007ffb5a1a0000 - 0x00007ffb5a1cc000 	C:\WINDOWS\SYSTEM32\GLU32.dll
0x00007ffb93e60000 - 0x00007ffb93fd3000 	C:\WINDOWS\System32\MSCTF.dll
0x00007ffb933e0000 - 0x00007ffb93531000 	C:\WINDOWS\System32\ole32.dll
0x00007ffb88c80000 - 0x00007ffb88e17000 	C:\WINDOWS\system32\d3d9.dll
0x00007ffb7e3d0000 - 0x00007ffb7e4bb000 	C:\WINDOWS\System32\DriverStore\FileRepository\nv_dispi.inf_amd64_040c7acb04cee565\nvldumdx.dll
0x00007ffb92620000 - 0x00007ffb92802000 	C:\WINDOWS\System32\crypt32.dll
0x00007ffb91e20000 - 0x00007ffb91e32000 	C:\WINDOWS\System32\MSASN1.dll
0x00007ffb91f70000 - 0x00007ffb91fc7000 	C:\WINDOWS\System32\WINTRUST.DLL
0x00007ffb93920000 - 0x00007ffb9393d000 	C:\WINDOWS\System32\imagehlp.dll
0x00007ffb91850000 - 0x00007ffb91867000 	C:\WINDOWS\SYSTEM32\CRYPTSP.dll
0x00007ffb91210000 - 0x00007ffb91243000 	C:\WINDOWS\system32\rsaenh.dll
0x00007ffb91970000 - 0x00007ffb91995000 	C:\WINDOWS\SYSTEM32\bcrypt.dll
0x00007ffb35710000 - 0x00007ffb36948000 	C:\WINDOWS\System32\DriverStore\FileRepository\nv_dispi.inf_amd64_040c7acb04cee565\nvd3dumx.dll
0x00007ffb7bca0000 - 0x00007ffb7bd62000 	C:\Program Files (x86)\NVIDIA Corporation\3D Vision\nvSCPAPI64.dll
0x00007ffb92f90000 - 0x00007ffb933db000 	C:\WINDOWS\System32\SETUPAPI.dll
0x00007ffb65670000 - 0x00007ffb6591e000 	C:\WINDOWS\system32\nvspcap64.dll
0x00007ffb90f00000 - 0x00007ffb90f31000 	C:\WINDOWS\SYSTEM32\ntmarta.dll
0x00007ffb90b50000 - 0x00007ffb90b72000 	C:\WINDOWS\SYSTEM32\gpapi.dll
0x00007ffb8bfa0000 - 0x00007ffb8bfce000 	C:\WINDOWS\SYSTEM32\cryptnet.dll
0x00007ffb79d60000 - 0x00007ffb79de0000 	C:\Program Files\Java\jdk-12\bin\freetype.dll
0x00007ffb79cf0000 - 0x00007ffb79d5f000 	C:\Program Files\Java\jdk-12\bin\fontmanager.dll
0x00007ffb77a40000 - 0x00007ffb77ad6000 	C:\WINDOWS\System32\TextInputFramework.dll
0x00007ffb7e7d0000 - 0x00007ffb7eaee000 	C:\WINDOWS\System32\CoreUIComponents.dll
0x00007ffb8ffc0000 - 0x00007ffb9009a000 	C:\WINDOWS\System32\CoreMessaging.dll
0x00007ffb8e4f0000 - 0x00007ffb8e63d000 	C:\WINDOWS\SYSTEM32\wintypes.dll
0x00007ffb702f0000 - 0x00007ffb70351000 	C:\Users\Dylan Curzon\AppData\Local\Temp\lwjglDylan\3.2.0-build-12\lwjgl.dll
0x00007ffb70290000 - 0x00007ffb702ec000 	C:\Users\DYLANC~1\AppData\Local\Temp\lwjglDylan\3.2.0-build-12\glfw.dll
0x00007ffb71e50000 - 0x00007ffb71e93000 	C:\WINDOWS\SYSTEM32\dinput8.dll
0x00007ffb76350000 - 0x00007ffb76360000 	C:\WINDOWS\SYSTEM32\xinput1_4.dll
0x00007ffb91c20000 - 0x00007ffb91c47000 	C:\WINDOWS\SYSTEM32\DEVOBJ.dll
0x00007ffb76df0000 - 0x00007ffb76e69000 	C:\WINDOWS\SYSTEM32\inputhost.dll
0x00007ffb90b40000 - 0x00007ffb90b4c000 	C:\WINDOWS\SYSTEM32\HID.DLL
0x00000000747b0000 - 0x0000000076e34000 	C:\WINDOWS\System32\DriverStore\FileRepository\nv_dispi.inf_amd64_040c7acb04cee565\nvoglv64.dll
0x00007ffb8dd00000 - 0x00007ffb8dd13000 	C:\WINDOWS\SYSTEM32\WTSAPI32.dll

dbghelp: loaded successfully - version: 4.0.5 - missing functions: none
symbol engine: initialized successfully - sym options: 0x614 - pdb path: .;C:\Program Files\Java\jdk-12\bin;C:\WINDOWS\SYSTEM32;C:\WINDOWS\WinSxS\amd64_microsoft.windows.common-controls_6595b64144ccf1df_6.0.17134.648_none_fb45a0e93062a6d2;C:\Program Files\Java\jdk-12\bin\server;C:\Program Files\JetBrains\IntelliJ IDEA Community Edition 2019.1\bin;C:\WINDOWS\System32\DriverStore\FileRepository\nv_dispi.inf_amd64_040c7acb04cee565;C:\Program Files (x86)\NVIDIA Corporation\3D Vision;C:\Users\Dylan Curzon\AppData\Local\Temp\lwjglDylan\3.2.0-build-12;C:\Users\DYLANC~1\AppData\Local\Temp\lwjglDylan\3.2.0-build-12

VM Arguments:
jvm_args: -Dvisualvm.id=2295584238437 -javaagent:C:\Program Files\JetBrains\IntelliJ IDEA Community Edition 2019.1\lib\idea_rt.jar=2476:C:\Program Files\JetBrains\IntelliJ IDEA Community Edition 2019.1\bin -Dfile.encoding=UTF-8 
java_command: me.dylancurzon.testgame.Bootstrapper
java_class_path (initial): D:\MEGA\code\dont-die\out\production\classes;D:\MEGA\code\dont-die\out\production\resources;D:\MEGA\code\dont-die\pages\out\production\classes;C:\Users\Dylan Curzon\.gradle\caches\modules-2\files-2.1\com.google.guava\guava\27.0.1-jre\bd41a290787b5301e63929676d792c507bbc00ae\guava-27.0.1-jre.jar;C:\Users\Dylan Curzon\.gradle\caches\modules-2\files-2.1\org.l33tlabs.twl\pngdecoder\1.0\6422688e344db244da42244b21998284bf098948\pngdecoder-1.0.jar;C:\Users\Dylan Curzon\.gradle\caches\modules-2\files-2.1\org.lwjgl\lwjgl-opengl\3.2.0\1c64c692473a70af297651d369debc93efa2e49f\lwjgl-opengl-3.2.0.jar;C:\Users\Dylan Curzon\.gradle\caches\modules-2\files-2.1\org.lwjgl\lwjgl-opengl\3.2.0\b1f27bce30f8e40b03502a5d86687b30d844ba35\lwjgl-opengl-3.2.0-natives-windows.jar;C:\Users\Dylan Curzon\.gradle\caches\modules-2\files-2.1\org.lwjgl\lwjgl-opengl\3.2.0\953ac48def909b1c67fc54299f5c403479ef8ac7\lwjgl-opengl-3.2.0-natives-linux.jar;C:\Users\Dylan Curzon\.gradle\caches\modules-2\files-2.1\org.lwjgl\lwjgl-glfw\3.2.0\9ff0ed06de0a1d83dd182f2ead48ac4c90865c44\lwjgl-glfw-3.2.0.jar;C:\Users\Dylan Curzon\.gradle\caches\modules-2\files-2.1\org.lwjgl\lwjgl-glfw\3.2.0\986cd6b09807ad2d67b5002b6d9dc089e3fc88f8\lwjgl-glfw-3.2.0-natives-windows.jar;C:\Users\Dylan Curzon\.gradle\caches\modules-2\files-2.1\org.lwjgl\lwjgl-glfw\3.2.0\2d270a9146ae47e929f5b6295eeb4e51a5ff577b\lwjgl-glfw-3.2.0-natives-linux.jar;C:\Users\Dylan Curzon\.gradle\caches\modules-2\files-2.1\org.lwjgl\lwjgl\3.2.0\7723544dc3fc740f0ee59cce9a3a0cecc8681747\lwjgl-3.2.0.jar;C:\Users\Dylan Curzon\.gradle\caches\modules-2\files-2.1\org.lwjgl\lwjgl\3.2.0\86c90ce2abe6129bfd5052a8b82f3dc2394c8dd1\lwjgl-3.2.0-natives-windows.jar;C:\Users\Dylan Curzon\.gradle\caches\modules-2\files-2.1\org.lwjgl\lwjgl\3.2.0\4c23e3f9ae657a52bddfa1c92d1b0ba770259eed\lwjgl-3.2.0-natives-linux.jar;C:\Users\Dylan Curzon\.gradle\caches\modules-2\files-2.1\org.jetbrains\annotations\17.0.0\8ceead41f4e71821919dbdb7a9847608f1a938cb\annotatio
Launcher Type: SUN_STANDARD

[Global flags]
     intx CICompilerCount                          = 4                                         {product} {ergonomic}
     uint ConcGCThreads                            = 3                                         {product} {ergonomic}
     uint G1ConcRefinementThreads                  = 10                                        {product} {ergonomic}
   size_t G1HeapRegionSize                         = 1048576                                   {product} {ergonomic}
    uintx GCDrainStackTargetSize                   = 64                                        {product} {ergonomic}
   size_t InitialHeapSize                          = 268435456                                 {product} {ergonomic}
   size_t MarkStackSize                            = 4194304                                   {product} {ergonomic}
   size_t MaxHeapSize                              = 4269801472                                {product} {ergonomic}
   size_t MaxNewSize                               = 2561671168                                {product} {ergonomic}
   size_t MinHeapDeltaBytes                        = 1048576                                   {product} {ergonomic}
    uintx NonNMethodCodeHeapSize                   = 5836300                                {pd product} {ergonomic}
    uintx NonProfiledCodeHeapSize                  = 122910970                              {pd product} {ergonomic}
    uintx ProfiledCodeHeapSize                     = 122910970                              {pd product} {ergonomic}
    uintx ReservedCodeCacheSize                    = 251658240                              {pd product} {ergonomic}
     bool SegmentedCodeCache                       = true                                      {product} {ergonomic}
     bool UseCompressedClassPointers               = true                                 {lp64_product} {ergonomic}
     bool UseCompressedOops                        = true                                 {lp64_product} {ergonomic}
     bool UseG1GC                                  = true                                      {product} {ergonomic}
     bool UseLargePagesIndividualAllocation        = false                                  {pd product} {ergonomic}

Logging:
Log output configuration:
 #0: stdout all=warning uptime,level,tags
 #1: stderr all=off uptime,level,tags

Environment Variables:
JAVA_HOME=C:\Program Files\Java\jdk1.8.0_162
PATH=C:\Program Files\Broadcom\Broadcom 802.11 Network Adapter;;C:\Program Files (x86)\Common Files\Oracle\Java\javapath;C:\Program Files (x86)\Common Files\Intel\Shared Libraries\redist\intel64\compiler;C:\Program Files\Oculus\Support\oculus-runtime;C:\ProgramData\Oracle\Java\javapath;C:\Program Files (x86)\Razer Chroma SDK\bin;C:\Program Files\Razer Chroma SDK\bin;C:\WINDOWS\system32;C:\WINDOWS;C:\WINDOWS\System32\Wbem;C:\WINDOWS\System32\WindowsPowerShell\v1.0\;C:\Users\Dylan Curzon\AppData\Local\Microsoft\WindowsApps;C:\Users\Dylan Curzon\AppData\Roaming\Dashlane\5.8.0.17084\bin\Firefox_Extension\{442718d9-475e-452a-b3e1-fb1ee16b8e9f}\components;C:\Users\Dylan Curzon\AppData\Roaming\Dashlane\5.8.0.17084\ucrt;D:\Program Files\nodejs\;D:\Program Files\PuTTY\;C:\Program Files (x86)\Windows Kits\8.1\Windows Performance Toolkit\;C:\WINDOWS\system32;C:\WINDOWS;C:\WINDOWS\System32\Wbem;C:\WINDOWS\System32\WindowsPowerShell\v1.0\;C:\WINDOWS\System32\OpenSSH\;C:\ProgramData\chocolatey\bin;;C:\Program Files (x86)\NVIDIA Corporation\PhysX\Common;C:\Program Files\NVIDIA Corporation\NVIDIA NvDLISR;C:\Users\Dylan Curzon\.cargo\bin;D:\Program FIles\Python37\Scripts\;D:\Program FIles\Python37\;C:\Users\Dylan Curzon\AppData\Local\Microsoft\WindowsApps;C:\Users\Dylan Curzon\AppData\Roaming\npm;C:\Program Files\Oracle\VirtualBox;D:\Program Files (x86)\Python27;D:\Program Files (x86)\Nmap;C:\Users\Dylan Curzon\AppData\Local\hyper\app-2.0.0\resources\bin;D:\Program Files\cygwin64\bin;D:\Program Files\cygwin64\home\Dylan\.local\bin;D:\Program Files\Git\bin;D:\Program Files\ffmpeg\bin;C:\Users\Dylan Curzon\.cargo\bin;D:\Program Files\Gradle\gradle-5.2.1\bin;D:\Program Files\ngrok;D:\Program Files\Ant\apache-ant-1.10.5-bin\apache-ant-1.10.5\bin;D:\Program Files\MongoDB\Server\4.0\bin;C:\Python27;C:\Program Files\JetBrains\IntelliJ IDEA Community Edition 2019.1\bin;
USERNAME=Dylan
OS=Windows_NT
PROCESSOR_IDENTIFIER=Intel64 Family 6 Model 63 Stepping 2, GenuineIntel



---------------  S Y S T E M  ---------------

OS: Windows 10 , 64 bit Build 17134 (10.0.17134.648)

CPU:total 12 (initial active 12) (6 cores per cpu, 2 threads per core) family 6 model 63 stepping 2, cmov, cx8, fxsr, mmx, sse, sse2, sse3, ssse3, sse4.1, sse4.2, popcnt, avx, avx2, aes, clmul, erms, lzcnt, ht, tsc, tscinvbit, bmi1, bmi2, fma

Memory: 4k page, system-wide physical 16285M (9325M free)
TotalPageFile size 22685M (AvailPageFile size 13431M)
current process WorkingSet (physical memory assigned to process): 135M, peak: 140M
current process commit charge ("private bytes"): 250M, peak: 411M

vm_info: Java HotSpot(TM) 64-Bit Server VM (12+33) for windows-amd64 JRE (12+33), built on Feb 21 2019 02:31:50 by "mach5one" with MS VC++ 15.5 (VS2017)

END.
