#
# A fatal error has been detected by the Java Runtime Environment:
#
#  EXCEPTION_ACCESS_VIOLATION (0xc0000005) at pc=0x00007ffb70292d66, pid=18336, tid=19464
#
# JRE version: Java(TM) SE Runtime Environment (12.0+33) (build 12+33)
# Java VM: Java HotSpot(TM) 64-Bit Server VM (12+33, mixed mode, sharing, tiered, compressed oops, g1 gc, windows-amd64)
# Problematic frame:
# C  [glfw.dll+0x2d66]
#
# No core dump will be written. Minidumps are not enabled by default on client versions of Windows
#
# If you would like to submit a bug report, please visit:
#   http://bugreport.java.com/bugreport/crash.jsp
# The crash happened outside the Java Virtual Machine in native code.
# See problematic frame for where to report the bug.
#

---------------  S U M M A R Y ------------

Command Line: -Dvisualvm.id=2274407866507 -javaagent:C:\Program Files\JetBrains\IntelliJ IDEA Community Edition 2019.1\lib\idea_rt.jar=2409:C:\Program Files\JetBrains\IntelliJ IDEA Community Edition 2019.1\bin -Dfile.encoding=UTF-8 me.dylancurzon.dontdie.Bootstrapper

Host: Intel(R) Core(TM) i7-5820K CPU @ 3.30GHz, 12 cores, 15G,  Windows 10 , 64 bit Build 17134 (10.0.17134.648)
Time: Tue Apr  9 10:30:38 2019 GMT Summer Time elapsed time: 1 seconds (0d 0h 0m 1s)

---------------  T H R E A D  ---------------

Current thread (0x0000016fbf143000):  JavaThread "AWT-EventQueue-0" [_thread_in_native, id=19464, stack(0x000000334c600000,0x000000334c700000)]

Stack: [0x000000334c600000,0x000000334c700000],  sp=0x000000334c6fd8c8,  free space=1014k
Native frames: (J=compiled Java code, j=interpreted, Vv=VM code, C=native code)
C  [glfw.dll+0x2d66]

Java frames: (J=compiled Java code, j=interpreted, Vv=VM code)
j  org.lwjgl.system.JNI.invokePPPV(JJJJ)V+0
j  org.lwjgl.glfw.GLFW.nglfwGetCursorPos(JJJ)V+22
j  org.lwjgl.glfw.GLFW.glfwGetCursorPos(JLjava/nio/DoubleBuffer;Ljava/nio/DoubleBuffer;)V+25
j  me.dylancurzon.dontdie.gfx.GameWindow.getMousePosition()Lme/dylancurzon/pages/util/Vector2d;+22
J 1260% c2 me.dylancurzon.dontdie.designer.gameState.DesignerLevelState.start()V (319 bytes) @ 0x0000016faa827874 [0x0000016faa827620+0x0000000000000254]
j  me.dylancurzon.dontdie.designer.LevelDesigner.setGameState(Lme/dylancurzon/dontdie/GameState;)V+25
j  me.dylancurzon.dontdie.designer.gameState.DesignerMenuState.lambda$start$1(Ljava/awt/event/ActionEvent;)V+26
j  me.dylancurzon.dontdie.designer.gameState.DesignerMenuState$$Lambda$126.actionPerformed(Ljava/awt/event/ActionEvent;)V+5
j  javax.swing.AbstractButton.fireActionPerformed(Ljava/awt/event/ActionEvent;)V+83 java.desktop@12
j  javax.swing.AbstractButton$Handler.actionPerformed(Ljava/awt/event/ActionEvent;)V+5 java.desktop@12
j  javax.swing.DefaultButtonModel.fireActionPerformed(Ljava/awt/event/ActionEvent;)V+34 java.desktop@12
j  javax.swing.DefaultButtonModel.setPressed(Z)V+117 java.desktop@12
j  javax.swing.plaf.basic.BasicButtonListener.mouseReleased(Ljava/awt/event/MouseEvent;)V+35 java.desktop@12
j  java.awt.Component.processMouseEvent(Ljava/awt/event/MouseEvent;)V+64 java.desktop@12
j  javax.swing.JComponent.processMouseEvent(Ljava/awt/event/MouseEvent;)V+23 java.desktop@12
j  java.awt.Component.processEvent(Ljava/awt/AWTEvent;)V+81 java.desktop@12
j  java.awt.Container.processEvent(Ljava/awt/AWTEvent;)V+18 java.desktop@12
j  java.awt.Component.dispatchEventImpl(Ljava/awt/AWTEvent;)V+496 java.desktop@12
j  java.awt.Container.dispatchEventImpl(Ljava/awt/AWTEvent;)V+42 java.desktop@12
j  java.awt.Component.dispatchEvent(Ljava/awt/AWTEvent;)V+2 java.desktop@12
j  java.awt.LightweightDispatcher.retargetMouseEvent(Ljava/awt/Component;ILjava/awt/event/MouseEvent;)V+349 java.desktop@12
j  java.awt.LightweightDispatcher.processMouseEvent(Ljava/awt/event/MouseEvent;)Z+155 java.desktop@12
j  java.awt.LightweightDispatcher.dispatchEvent(Ljava/awt/AWTEvent;)Z+50 java.desktop@12
j  java.awt.Container.dispatchEventImpl(Ljava/awt/AWTEvent;)V+12 java.desktop@12
j  java.awt.Window.dispatchEventImpl(Ljava/awt/AWTEvent;)V+19 java.desktop@12
j  java.awt.Component.dispatchEvent(Ljava/awt/AWTEvent;)V+2 java.desktop@12
j  java.awt.EventQueue.dispatchEventImpl(Ljava/awt/AWTEvent;Ljava/lang/Object;)V+41 java.desktop@12
j  java.awt.EventQueue$4.run()Ljava/lang/Void;+32 java.desktop@12
j  java.awt.EventQueue$4.run()Ljava/lang/Object;+1 java.desktop@12
J 989 c1 java.security.ProtectionDomain$JavaSecurityAccessImpl.doIntersectionPrivilege(Ljava/security/PrivilegedAction;Ljava/security/AccessControlContext;Ljava/security/AccessControlContext;)Ljava/lang/Object; java.base@12 (22 bytes) @ 0x0000016fa3412aa4 [0x0000016fa3412580+0x0000000000000524]
j  java.security.ProtectionDomain$JavaSecurityAccessImpl.doIntersectionPrivilege(Ljava/security/PrivilegedAction;Ljava/security/AccessControlContext;)Ljava/lang/Object;+6 java.base@12
j  java.awt.EventQueue$5.run()Ljava/lang/Void;+11 java.desktop@12
j  java.awt.EventQueue$5.run()Ljava/lang/Object;+1 java.desktop@12
J 989 c1 java.security.ProtectionDomain$JavaSecurityAccessImpl.doIntersectionPrivilege(Ljava/security/PrivilegedAction;Ljava/security/AccessControlContext;Ljava/security/AccessControlContext;)Ljava/lang/Object; java.base@12 (22 bytes) @ 0x0000016fa3412aa4 [0x0000016fa3412580+0x0000000000000524]
j  java.awt.EventQueue.dispatchEvent(Ljava/awt/AWTEvent;)V+73 java.desktop@12
j  java.awt.EventDispatchThread.pumpOneEventForFilters(I)V+78 java.desktop@12
j  java.awt.EventDispatchThread.pumpEventsForFilter(ILjava/awt/Conditional;Ljava/awt/EventFilter;)V+35 java.desktop@12
j  java.awt.EventDispatchThread.pumpEventsForHierarchy(ILjava/awt/Conditional;Ljava/awt/Component;)V+11 java.desktop@12
j  java.awt.EventDispatchThread.pumpEvents(ILjava/awt/Conditional;)V+4 java.desktop@12
j  java.awt.EventDispatchThread.pumpEvents(Ljava/awt/Conditional;)V+3 java.desktop@12
j  java.awt.EventDispatchThread.run()V+9 java.desktop@12
v  ~StubRoutines::call_stub

siginfo: EXCEPTION_ACCESS_VIOLATION (0xc0000005), reading address 0x0000000000000073


Register to memory mapping:

RIP=0x00007ffb70292d66 glfw.dll
RAX=0x0 is NULL
RBX={method} {0x0000016fc8274680} 'invokePPPV' '(JJJJ)V' in 'org/lwjgl/system/JNI'
RCX=0xffffffffffffffff is an unknown value
RDX=0x0000016fc0da9ea8 points into unknown readable memory: 00 00 00 00 00 00 00 00
RSP=0x000000334c6fd8c8 is pointing into the stack for thread: 0x0000016fbf143000
RBP=0x000000334c6fd980 is pointing into the stack for thread: 0x0000016fbf143000
RSI=0x0000016fc0da9ea0 points into unknown readable memory: 00 00 00 00 00 00 00 00
RDI=0x0000000000000001 is an unknown value
R8 =0x0000016fc0da9ea0 points into unknown readable memory: 00 00 00 00 00 00 00 00
R9 =0xffffffffffffffff is an unknown value
R10=0x0000016fa2cef0c8 is at code_begin+1000 in an Interpreter codelet
method entry point (kind = native)  [0x0000016fa2ceece0, 0x0000016fa2cef840]  2912 bytes
R11=0x0000000707838e38 points into unknown readable memory: 01 50 75 9b 19 00 00 00
R12=0x0 is NULL
R13={method} {0x0000016fc8274680} 'invokePPPV' '(JJJJ)V' in 'org/lwjgl/system/JNI'
R14=0x000000334c6fd9d8 is pointing into the stack for thread: 0x0000016fbf143000
R15=0x0000016fbf143000 is a thread


Registers:
RAX=0x0000000000000000, RBX=0x0000016fc8274678, RCX=0xffffffffffffffff, RDX=0x0000016fc0da9ea8
RSP=0x000000334c6fd8c8, RBP=0x000000334c6fd980, RSI=0x0000016fc0da9ea0, RDI=0x0000000000000001
R8 =0x0000016fc0da9ea0, R9 =0xffffffffffffffff, R10=0x0000016fa2cef0c8, R11=0x0000000707838e38
R12=0x0000000000000000, R13=0x0000016fc8274678, R14=0x000000334c6fd9d8, R15=0x0000016fbf143000
RIP=0x00007ffb70292d66, EFLAGS=0x0000000000010202

Top of Stack: (sp=0x000000334c6fd8c8)
0x000000334c6fd8c8:   0000016fa2cef0f7 000000334c6fd928
0x000000334c6fd8d8:   0000016fbee98ba8 0000000000000000
0x000000334c6fd8e8:   0000000707b9e1a0 0000016fc0da9ea8
0x000000334c6fd8f8:   0000016fc0da9ea0 000000334c6fd918
0x000000334c6fd908:   000000334c6fd978 0000016fa2ce9950
0x000000334c6fd918:   0000000000000003 0000000000000000
0x000000334c6fd928:   000000070772d3f8 000000334c6fd930
0x000000334c6fd938:   000000334c6fd938 0000000000000000
0x000000334c6fd948:   000000334c6fd9d8 0000016fc829c1a0
0x000000334c6fd958:   0000000000000000 0000000707838e38
0x000000334c6fd968:   0000016fc8274678 0000000000000000
0x000000334c6fd978:   000000334c6fd9a0 000000334c6fda28
0x000000334c6fd988:   0000016fa2ce9e73 0000000707838e38
0x000000334c6fd998:   0000016fa2cec018 0000016fc0da9ea0
0x000000334c6fd9a8:   0000000000000000 0000016fc0da9ea8
0x000000334c6fd9b8:   0000000000000000 ffffffffffffffff 

Instructions: (pc=0x00007ffb70292d66)
0x00007ffb70292d46:   03 48 89 02 4d 85 c0 74 03 49 89 00 39 05 b8 0c
0x00007ffb70292d56:   05 00 75 0c 33 d2 b9 01 00 01 00 e9 3a ef ff ff
0x00007ffb70292d66:   81 79 74 03 40 03 00 75 1f 48 85 d2 74 0a 48 8b
0x00007ffb70292d76:   81 e0 01 00 00 48 89 02 4d 85 c0 74 10 48 8b 81 


Stack slot to memory mapping:
stack at sp + 0 slots: 0x0000016fa2cef0f7 is at code_begin+1047 in an Interpreter codelet
method entry point (kind = native)  [0x0000016fa2ceece0, 0x0000016fa2cef840]  2912 bytes
stack at sp + 1 slots: 0x000000334c6fd928 is pointing into the stack for thread: 0x0000016fbf143000
stack at sp + 2 slots: 0x0000016fbee98ba8 is pointing into metadata
stack at sp + 3 slots: 0x0 is NULL
stack at sp + 4 slots: 0x0000000707b9e1a0 points into unknown readable memory: 01 76 b9 91 50 00 00 00
stack at sp + 5 slots: 0x0000016fc0da9ea8 points into unknown readable memory: 00 00 00 00 00 00 00 00
stack at sp + 6 slots: 0x0000016fc0da9ea0 points into unknown readable memory: 00 00 00 00 00 00 00 00
stack at sp + 7 slots: 0x000000334c6fd918 is pointing into the stack for thread: 0x0000016fbf143000


---------------  P R O C E S S  ---------------

Threads class SMR info:
_java_thread_list=0x0000016fc08e2360, length=17, elements={
0x0000016fbefd4000, 0x0000016fbefd5800, 0x0000016fbefec800, 0x0000016fbefed000,
0x0000016fbefef000, 0x0000016fbeff3000, 0x0000016fbf009800, 0x0000016fbf122800,
0x0000016fbf205800, 0x0000016fbf320800, 0x0000016fc0e86800, 0x0000016fbf8cf800,
0x0000016fbf709000, 0x0000016fbf143000, 0x0000016f9a8df800, 0x0000016fc08d6800,
0x0000016fc0ea3000
}

Java Threads: ( => current thread )
  0x0000016fbefd4000 JavaThread "Reference Handler" daemon [_thread_blocked, id=16984, stack(0x000000334be00000,0x000000334bf00000)]
  0x0000016fbefd5800 JavaThread "Finalizer" daemon [_thread_blocked, id=12848, stack(0x000000334bf00000,0x000000334c000000)]
  0x0000016fbefec800 JavaThread "Signal Dispatcher" daemon [_thread_blocked, id=21140, stack(0x000000334c000000,0x000000334c100000)]
  0x0000016fbefed000 JavaThread "Attach Listener" daemon [_thread_blocked, id=22780, stack(0x000000334c100000,0x000000334c200000)]
  0x0000016fbefef000 JavaThread "C2 CompilerThread0" daemon [_thread_blocked, id=4860, stack(0x000000334c200000,0x000000334c300000)]
  0x0000016fbeff3000 JavaThread "C1 CompilerThread0" daemon [_thread_blocked, id=24524, stack(0x000000334c300000,0x000000334c400000)]
  0x0000016fbf009800 JavaThread "Sweeper thread" daemon [_thread_blocked, id=6092, stack(0x000000334c400000,0x000000334c500000)]
  0x0000016fbf122800 JavaThread "Common-Cleaner" daemon [_thread_blocked, id=3912, stack(0x000000334c500000,0x000000334c600000)]
  0x0000016fbf205800 JavaThread "Monitor Ctrl-Break" daemon [_thread_in_native, id=7188, stack(0x000000334c700000,0x000000334c800000)]
  0x0000016fbf320800 JavaThread "Service Thread" daemon [_thread_blocked, id=10680, stack(0x000000334c800000,0x000000334c900000)]
  0x0000016fc0e86800 JavaThread "Java2D Disposer" daemon [_thread_blocked, id=6412, stack(0x000000334cb00000,0x000000334cc00000)]
  0x0000016fbf8cf800 JavaThread "AWT-Shutdown" [_thread_blocked, id=23136, stack(0x000000334cc00000,0x000000334cd00000)]
  0x0000016fbf709000 JavaThread "AWT-Windows" daemon [_thread_in_native, id=23592, stack(0x000000334cd00000,0x000000334ce00000)]
=>0x0000016fbf143000 JavaThread "AWT-EventQueue-0" [_thread_in_native, id=19464, stack(0x000000334c600000,0x000000334c700000)]
  0x0000016f9a8df800 JavaThread "DestroyJavaVM" [_thread_blocked, id=5280, stack(0x000000334b700000,0x000000334b800000)]
  0x0000016fc08d6800 JavaThread "D3D Screen Updater" daemon [_thread_blocked, id=24060, stack(0x000000334ca00000,0x000000334cb00000)]
  0x0000016fc0ea3000 JavaThread "Thread-0" [_thread_in_native, id=17088, stack(0x000000334de90000,0x000000334df90000)]

Other Threads:
  0x0000016fbefd1000 VMThread "VM Thread" [stack: 0x000000334bd00000,0x000000334be00000] [id=21676]
  0x0000016fbf2eb000 WatcherThread [stack: 0x000000334c900000,0x000000334ca00000] [id=752]
  0x0000016f9a945000 GCTaskThread "GC Thread#0" [stack: 0x000000334b800000,0x000000334b900000] [id=23636]
  0x0000016fc0a93800 GCTaskThread "GC Thread#1" [stack: 0x000000334d090000,0x000000334d190000] [id=19536]
  0x0000016fc0a91800 GCTaskThread "GC Thread#2" [stack: 0x000000334d190000,0x000000334d290000] [id=4392]
  0x0000016fc0a92800 GCTaskThread "GC Thread#3" [stack: 0x000000334d290000,0x000000334d390000] [id=22028]
  0x0000016fc0a94800 GCTaskThread "GC Thread#4" [stack: 0x000000334d390000,0x000000334d490000] [id=4900]
  0x0000016fc0a93000 GCTaskThread "GC Thread#5" [stack: 0x000000334d490000,0x000000334d590000] [id=16516]
  0x0000016f9a95f800 ConcurrentGCThread "G1 Main Marker" [stack: 0x000000334b900000,0x000000334ba00000] [id=21976]
  0x0000016f9a962000 ConcurrentGCThread "G1 Conc#0" [stack: 0x000000334ba00000,0x000000334bb00000] [id=13748]
  0x0000016fbddb3800 ConcurrentGCThread "G1 Refine#0" [stack: 0x000000334bb00000,0x000000334bc00000] [id=21972]
  0x0000016fbf2b8800 ConcurrentGCThread "G1 Refine#1" [stack: 0x000000334d590000,0x000000334d690000] [id=23668]
  0x0000016fc09a8800 ConcurrentGCThread "G1 Refine#2" [stack: 0x000000334d690000,0x000000334d790000] [id=22948]
  0x0000016fc09a9800 ConcurrentGCThread "G1 Refine#3" [stack: 0x000000334d790000,0x000000334d890000] [id=10188]
  0x0000016fc0dd4800 ConcurrentGCThread "G1 Refine#4" [stack: 0x000000334d890000,0x000000334d990000] [id=9604]
  0x0000016fc0a7d800 ConcurrentGCThread "G1 Refine#5" [stack: 0x000000334d990000,0x000000334da90000] [id=16412]
  0x0000016fc0a7f800 ConcurrentGCThread "G1 Refine#6" [stack: 0x000000334da90000,0x000000334db90000] [id=10488]
  0x0000016fc06df800 ConcurrentGCThread "G1 Refine#7" [stack: 0x000000334db90000,0x000000334dc90000] [id=9720]
  0x0000016fc0a64000 ConcurrentGCThread "G1 Refine#8" [stack: 0x000000334dc90000,0x000000334dd90000] [id=6628]
  0x0000016fc0a65000 ConcurrentGCThread "G1 Refine#9" [stack: 0x000000334dd90000,0x000000334de90000] [id=10656]
  0x0000016fbddb6800 ConcurrentGCThread "G1 Young RemSet Sampling" [stack: 0x000000334bc00000,0x000000334bd00000] [id=1460]

Threads with active compile tasks:

VM state:not at safepoint (normal execution)

VM Mutex/Monitor currently owned by a thread: None

Heap address: 0x0000000701800000, size: 4072 MB, Compressed Oops mode: Zero based, Oop shift amount: 3
Narrow klass base: 0x0000000800000000, Narrow klass shift: 3
Compressed class space size: 1073741824 Address: 0x00000008011a0000

Heap:
 garbage-first heap   total 112640K, used 38682K [0x0000000701800000, 0x0000000800000000)
  region size 1024K, 7 young (7168K), 0 survivors (0K)
 Metaspace       used 9667K, capacity 10056K, committed 10240K, reserved 1058816K
  class space    used 1058K, capacity 1255K, committed 1280K, reserved 1048576K
Heap Regions: E=young(eden), S=young(survivor), O=old, HS=humongous(starts), HC=humongous(continues), CS=collection set, F=free, A=archive, TAMS=top-at-mark-start (previous, next)
|   0|0x0000000701800000, 0x00000007018ffff0, 0x0000000701900000| 99%| O|  |TAMS 0x0000000701800000, 0x0000000701800000| Untracked 
|   1|0x0000000701900000, 0x0000000701a00000, 0x0000000701a00000|100%|HS|  |TAMS 0x0000000701900000, 0x0000000701900000| Untracked 
|   2|0x0000000701a00000, 0x0000000701b00000, 0x0000000701b00000|100%|HC|  |TAMS 0x0000000701a00000, 0x0000000701a00000| Untracked 
|   3|0x0000000701b00000, 0x0000000701bfffe0, 0x0000000701c00000| 99%| O|  |TAMS 0x0000000701b00000, 0x0000000701b00000| Untracked 
|   4|0x0000000701c00000, 0x0000000701d00000, 0x0000000701d00000|100%| O|  |TAMS 0x0000000701c00000, 0x0000000701c00000| Untracked 
|   5|0x0000000701d00000, 0x0000000701dffff8, 0x0000000701e00000| 99%| O|  |TAMS 0x0000000701d00000, 0x0000000701d00000| Untracked 
|   6|0x0000000701e00000, 0x0000000701effff0, 0x0000000701f00000| 99%| O|  |TAMS 0x0000000701e00000, 0x0000000701e00000| Untracked 
|   7|0x0000000701f00000, 0x0000000701fffff8, 0x0000000702000000| 99%| O|  |TAMS 0x0000000701f00000, 0x0000000701f00000| Untracked 
|   8|0x0000000702000000, 0x00000007020ffff0, 0x0000000702100000| 99%| O|  |TAMS 0x0000000702000000, 0x0000000702000000| Untracked 
|   9|0x0000000702100000, 0x00000007021ffff8, 0x0000000702200000| 99%| O|  |TAMS 0x0000000702100000, 0x0000000702100000| Untracked 
|  10|0x0000000702200000, 0x00000007022fffd8, 0x0000000702300000| 99%| O|  |TAMS 0x0000000702200000, 0x0000000702200000| Untracked 
|  11|0x0000000702300000, 0x00000007023ffff8, 0x0000000702400000| 99%| O|  |TAMS 0x0000000702300000, 0x0000000702300000| Untracked 
|  12|0x0000000702400000, 0x0000000702500000, 0x0000000702500000|100%| O|  |TAMS 0x0000000702400000, 0x0000000702400000| Untracked 
|  13|0x0000000702500000, 0x00000007025ffff0, 0x0000000702600000| 99%| O|  |TAMS 0x0000000702500000, 0x0000000702500000| Untracked 
|  14|0x0000000702600000, 0x00000007026ffff0, 0x0000000702700000| 99%| O|  |TAMS 0x0000000702600000, 0x0000000702600000| Untracked 
|  15|0x0000000702700000, 0x00000007027fffe8, 0x0000000702800000| 99%| O|  |TAMS 0x0000000702700000, 0x0000000702700000| Untracked 
|  16|0x0000000702800000, 0x0000000702900000, 0x0000000702900000|100%| O|  |TAMS 0x0000000702800000, 0x0000000702800000| Untracked 
|  17|0x0000000702900000, 0x00000007029ffff8, 0x0000000702a00000| 99%| O|  |TAMS 0x0000000702900000, 0x0000000702900000| Untracked 
|  18|0x0000000702a00000, 0x0000000702ac58f0, 0x0000000702b00000| 77%| O|  |TAMS 0x0000000702a00000, 0x0000000702a00000| Untracked 
|  19|0x0000000702b00000, 0x0000000702c00000, 0x0000000702c00000|100%|HS|  |TAMS 0x0000000702b00000, 0x0000000702b00000| Untracked 
|  20|0x0000000702c00000, 0x0000000702d00000, 0x0000000702d00000|100%|HC|  |TAMS 0x0000000702c00000, 0x0000000702c00000| Untracked 
|  21|0x0000000702d00000, 0x0000000702e00000, 0x0000000702e00000|100%|HC|  |TAMS 0x0000000702d00000, 0x0000000702d00000| Untracked 
|  22|0x0000000702e00000, 0x0000000702e00000, 0x0000000702f00000|  0%| F|  |TAMS 0x0000000702e00000, 0x0000000702e00000| Untracked 
|  23|0x0000000702f00000, 0x0000000702f00000, 0x0000000703000000|  0%| F|  |TAMS 0x0000000702f00000, 0x0000000702f00000| Untracked 
|  24|0x0000000703000000, 0x0000000703000000, 0x0000000703100000|  0%| F|  |TAMS 0x0000000703000000, 0x0000000703000000| Untracked 
|  25|0x0000000703100000, 0x0000000703100000, 0x0000000703200000|  0%| F|  |TAMS 0x0000000703100000, 0x0000000703100000| Untracked 
|  26|0x0000000703200000, 0x0000000703200000, 0x0000000703300000|  0%| F|  |TAMS 0x0000000703200000, 0x0000000703200000| Untracked 
|  27|0x0000000703300000, 0x0000000703300000, 0x0000000703400000|  0%| F|  |TAMS 0x0000000703300000, 0x0000000703300000| Untracked 
|  28|0x0000000703400000, 0x0000000703400000, 0x0000000703500000|  0%| F|  |TAMS 0x0000000703400000, 0x0000000703400000| Untracked 
|  29|0x0000000703500000, 0x0000000703500000, 0x0000000703600000|  0%| F|  |TAMS 0x0000000703500000, 0x0000000703500000| Untracked 
|  30|0x0000000703600000, 0x0000000703600000, 0x0000000703700000|  0%| F|  |TAMS 0x0000000703600000, 0x0000000703600000| Untracked 
|  31|0x0000000703700000, 0x0000000703700000, 0x0000000703800000|  0%| F|  |TAMS 0x0000000703700000, 0x0000000703700000| Untracked 
|  32|0x0000000703800000, 0x0000000703800000, 0x0000000703900000|  0%| F|  |TAMS 0x0000000703800000, 0x0000000703800000| Untracked 
|  33|0x0000000703900000, 0x0000000703900000, 0x0000000703a00000|  0%| F|  |TAMS 0x0000000703900000, 0x0000000703900000| Untracked 
|  34|0x0000000703a00000, 0x0000000703a00000, 0x0000000703b00000|  0%| F|  |TAMS 0x0000000703a00000, 0x0000000703a00000| Untracked 
|  35|0x0000000703b00000, 0x0000000703b00000, 0x0000000703c00000|  0%| F|  |TAMS 0x0000000703b00000, 0x0000000703b00000| Untracked 
|  36|0x0000000703c00000, 0x0000000703c00000, 0x0000000703d00000|  0%| F|  |TAMS 0x0000000703c00000, 0x0000000703c00000| Untracked 
|  37|0x0000000703d00000, 0x0000000703d00000, 0x0000000703e00000|  0%| F|  |TAMS 0x0000000703d00000, 0x0000000703d00000| Untracked 
|  38|0x0000000703e00000, 0x0000000703e00000, 0x0000000703f00000|  0%| F|  |TAMS 0x0000000703e00000, 0x0000000703e00000| Untracked 
|  39|0x0000000703f00000, 0x0000000703f00000, 0x0000000704000000|  0%| F|  |TAMS 0x0000000703f00000, 0x0000000703f00000| Untracked 
|  40|0x0000000704000000, 0x0000000704000000, 0x0000000704100000|  0%| F|  |TAMS 0x0000000704000000, 0x0000000704000000| Untracked 
|  41|0x0000000704100000, 0x0000000704100000, 0x0000000704200000|  0%| F|  |TAMS 0x0000000704100000, 0x0000000704100000| Untracked 
|  42|0x0000000704200000, 0x0000000704200000, 0x0000000704300000|  0%| F|  |TAMS 0x0000000704200000, 0x0000000704200000| Untracked 
|  43|0x0000000704300000, 0x0000000704300000, 0x0000000704400000|  0%| F|  |TAMS 0x0000000704300000, 0x0000000704300000| Untracked 
|  44|0x0000000704400000, 0x0000000704400000, 0x0000000704500000|  0%| F|  |TAMS 0x0000000704400000, 0x0000000704400000| Untracked 
|  45|0x0000000704500000, 0x0000000704500000, 0x0000000704600000|  0%| F|  |TAMS 0x0000000704500000, 0x0000000704500000| Untracked 
|  46|0x0000000704600000, 0x0000000704600000, 0x0000000704700000|  0%| F|  |TAMS 0x0000000704600000, 0x0000000704600000| Untracked 
|  47|0x0000000704700000, 0x0000000704700000, 0x0000000704800000|  0%| F|  |TAMS 0x0000000704700000, 0x0000000704700000| Untracked 
|  48|0x0000000704800000, 0x00000007048ffff0, 0x0000000704900000| 99%| O|  |TAMS 0x0000000704800000, 0x0000000704800000| Untracked 
|  49|0x0000000704900000, 0x0000000704900000, 0x0000000704a00000|  0%| F|  |TAMS 0x0000000704900000, 0x0000000704900000| Untracked 
|  50|0x0000000704a00000, 0x0000000704affff8, 0x0000000704b00000| 99%| O|  |TAMS 0x0000000704a00000, 0x0000000704a00000| Untracked 
|  51|0x0000000704b00000, 0x0000000704b00000, 0x0000000704c00000|  0%| F|  |TAMS 0x0000000704b00000, 0x0000000704b00000| Untracked 
|  52|0x0000000704c00000, 0x0000000704cadce0, 0x0000000704d00000| 67%| O|  |TAMS 0x0000000704c00000, 0x0000000704c00000| Untracked 
|  53|0x0000000704d00000, 0x0000000704d00000, 0x0000000704e00000|  0%| F|  |TAMS 0x0000000704d00000, 0x0000000704d00000| Untracked 
|  54|0x0000000704e00000, 0x0000000704e00000, 0x0000000704f00000|  0%| F|  |TAMS 0x0000000704e00000, 0x0000000704e00000| Untracked 
|  55|0x0000000704f00000, 0x0000000704f00000, 0x0000000705000000|  0%| F|  |TAMS 0x0000000704f00000, 0x0000000704f00000| Untracked 
|  56|0x0000000705000000, 0x0000000705000000, 0x0000000705100000|  0%| F|  |TAMS 0x0000000705000000, 0x0000000705000000| Untracked 
|  57|0x0000000705100000, 0x0000000705100000, 0x0000000705200000|  0%| F|  |TAMS 0x0000000705100000, 0x0000000705100000| Untracked 
|  58|0x0000000705200000, 0x0000000705200000, 0x0000000705300000|  0%| F|  |TAMS 0x0000000705200000, 0x0000000705200000| Untracked 
|  59|0x0000000705300000, 0x0000000705300000, 0x0000000705400000|  0%| F|  |TAMS 0x0000000705300000, 0x0000000705300000| Untracked 
|  60|0x0000000705400000, 0x0000000705400000, 0x0000000705500000|  0%| F|  |TAMS 0x0000000705400000, 0x0000000705400000| Untracked 
|  61|0x0000000705500000, 0x0000000705500000, 0x0000000705600000|  0%| F|  |TAMS 0x0000000705500000, 0x0000000705500000| Untracked 
|  62|0x0000000705600000, 0x0000000705600000, 0x0000000705700000|  0%| F|  |TAMS 0x0000000705600000, 0x0000000705600000| Untracked 
|  63|0x0000000705700000, 0x0000000705700000, 0x0000000705800000|  0%| F|  |TAMS 0x0000000705700000, 0x0000000705700000| Untracked 
|  64|0x0000000705800000, 0x0000000705800000, 0x0000000705900000|  0%| F|  |TAMS 0x0000000705800000, 0x0000000705800000| Untracked 
|  65|0x0000000705900000, 0x0000000705900000, 0x0000000705a00000|  0%| F|  |TAMS 0x0000000705900000, 0x0000000705900000| Untracked 
|  66|0x0000000705a00000, 0x0000000705a00000, 0x0000000705b00000|  0%| F|  |TAMS 0x0000000705a00000, 0x0000000705a00000| Untracked 
|  67|0x0000000705b00000, 0x0000000705b00000, 0x0000000705c00000|  0%| F|  |TAMS 0x0000000705b00000, 0x0000000705b00000| Untracked 
|  68|0x0000000705c00000, 0x0000000705c00000, 0x0000000705d00000|  0%| F|  |TAMS 0x0000000705c00000, 0x0000000705c00000| Untracked 
|  69|0x0000000705d00000, 0x0000000705d00000, 0x0000000705e00000|  0%| F|  |TAMS 0x0000000705d00000, 0x0000000705d00000| Untracked 
|  70|0x0000000705e00000, 0x0000000705e00000, 0x0000000705f00000|  0%| F|  |TAMS 0x0000000705e00000, 0x0000000705e00000| Untracked 
|  71|0x0000000705f00000, 0x0000000705f00000, 0x0000000706000000|  0%| F|  |TAMS 0x0000000705f00000, 0x0000000705f00000| Untracked 
|  72|0x0000000706000000, 0x0000000706000000, 0x0000000706100000|  0%| F|  |TAMS 0x0000000706000000, 0x0000000706000000| Untracked 
|  73|0x0000000706100000, 0x0000000706100000, 0x0000000706200000|  0%| F|  |TAMS 0x0000000706100000, 0x0000000706100000| Untracked 
|  74|0x0000000706200000, 0x0000000706200000, 0x0000000706300000|  0%| F|  |TAMS 0x0000000706200000, 0x0000000706200000| Untracked 
|  75|0x0000000706300000, 0x0000000706300000, 0x0000000706400000|  0%| F|  |TAMS 0x0000000706300000, 0x0000000706300000| Untracked 
|  76|0x0000000706400000, 0x0000000706400000, 0x0000000706500000|  0%| F|  |TAMS 0x0000000706400000, 0x0000000706400000| Untracked 
|  77|0x0000000706500000, 0x0000000706500000, 0x0000000706600000|  0%| F|  |TAMS 0x0000000706500000, 0x0000000706500000| Untracked 
|  78|0x0000000706600000, 0x0000000706600000, 0x0000000706700000|  0%| F|  |TAMS 0x0000000706600000, 0x0000000706600000| Untracked 
|  79|0x0000000706700000, 0x0000000706700000, 0x0000000706800000|  0%| F|  |TAMS 0x0000000706700000, 0x0000000706700000| Untracked 
|  80|0x0000000706800000, 0x0000000706800000, 0x0000000706900000|  0%| F|  |TAMS 0x0000000706800000, 0x0000000706800000| Untracked 
|  81|0x0000000706900000, 0x0000000706900000, 0x0000000706a00000|  0%| F|  |TAMS 0x0000000706900000, 0x0000000706900000| Untracked 
|  82|0x0000000706a00000, 0x0000000706a00000, 0x0000000706b00000|  0%| F|  |TAMS 0x0000000706a00000, 0x0000000706a00000| Untracked 
|  83|0x0000000706b00000, 0x0000000706b00000, 0x0000000706c00000|  0%| F|  |TAMS 0x0000000706b00000, 0x0000000706b00000| Untracked 
|  84|0x0000000706c00000, 0x0000000706c00000, 0x0000000706d00000|  0%| F|  |TAMS 0x0000000706c00000, 0x0000000706c00000| Untracked 
|  85|0x0000000706d00000, 0x0000000706d00000, 0x0000000706e00000|  0%| F|  |TAMS 0x0000000706d00000, 0x0000000706d00000| Untracked 
|  86|0x0000000706e00000, 0x0000000706e00000, 0x0000000706f00000|  0%| F|  |TAMS 0x0000000706e00000, 0x0000000706e00000| Untracked 
|  87|0x0000000706f00000, 0x0000000706f00000, 0x0000000707000000|  0%| F|  |TAMS 0x0000000706f00000, 0x0000000706f00000| Untracked 
|  88|0x0000000707000000, 0x0000000707000000, 0x0000000707100000|  0%| F|  |TAMS 0x0000000707000000, 0x0000000707000000| Untracked 
|  89|0x0000000707100000, 0x0000000707100000, 0x0000000707200000|  0%| F|  |TAMS 0x0000000707100000, 0x0000000707100000| Untracked 
|  90|0x0000000707200000, 0x0000000707200000, 0x0000000707300000|  0%| F|  |TAMS 0x0000000707200000, 0x0000000707200000| Untracked 
|  91|0x0000000707300000, 0x0000000707300000, 0x0000000707400000|  0%| F|  |TAMS 0x0000000707300000, 0x0000000707300000| Untracked 
|  92|0x0000000707400000, 0x0000000707400000, 0x0000000707500000|  0%| F|  |TAMS 0x0000000707400000, 0x0000000707400000| Untracked 
|  93|0x0000000707500000, 0x0000000707500000, 0x0000000707600000|  0%| F|  |TAMS 0x0000000707500000, 0x0000000707500000| Untracked 
|  94|0x0000000707600000, 0x0000000707600000, 0x0000000707700000|  0%| F|  |TAMS 0x0000000707600000, 0x0000000707600000| Untracked 
|  95|0x0000000707700000, 0x0000000707743260, 0x0000000707800000| 26%| E|  |TAMS 0x0000000707700000, 0x0000000707700000| Complete 
|  96|0x0000000707800000, 0x0000000707900000, 0x0000000707900000|100%| E|CS|TAMS 0x0000000707800000, 0x0000000707800000| Complete 
|  97|0x0000000707900000, 0x0000000707a00000, 0x0000000707a00000|100%| E|CS|TAMS 0x0000000707900000, 0x0000000707900000| Complete 
|  98|0x0000000707a00000, 0x0000000707b00000, 0x0000000707b00000|100%| E|CS|TAMS 0x0000000707a00000, 0x0000000707a00000| Complete 
|  99|0x0000000707b00000, 0x0000000707c00000, 0x0000000707c00000|100%| E|CS|TAMS 0x0000000707b00000, 0x0000000707b00000| Complete 
| 100|0x0000000707c00000, 0x0000000707d00000, 0x0000000707d00000|100%| E|CS|TAMS 0x0000000707c00000, 0x0000000707c00000| Complete 
| 101|0x0000000707d00000, 0x0000000707e00000, 0x0000000707e00000|100%| E|CS|TAMS 0x0000000707d00000, 0x0000000707d00000| Complete 
| 150|0x000000070ae00000, 0x000000070aeffff8, 0x000000070af00000| 99%| O|  |TAMS 0x000000070ae00000, 0x000000070ae00000| Untracked 
| 153|0x000000070b100000, 0x000000070b1d5fe8, 0x000000070b200000| 83%| O|  |TAMS 0x000000070b100000, 0x000000070b100000| Untracked 
| 179|0x000000070cb00000, 0x000000070cbfffd8, 0x000000070cc00000| 99%| O|  |TAMS 0x000000070cb00000, 0x000000070cb00000| Untracked 
| 182|0x000000070ce00000, 0x000000070cefffd8, 0x000000070cf00000| 99%| O|  |TAMS 0x000000070ce00000, 0x000000070ce00000| Untracked 
| 186|0x000000070d200000, 0x000000070d2fffe8, 0x000000070d300000| 99%| O|  |TAMS 0x000000070d200000, 0x000000070d200000| Untracked 
| 192|0x000000070d800000, 0x000000070d8a1430, 0x000000070d900000| 62%| O|  |TAMS 0x000000070d800000, 0x000000070d800000| Untracked 
| 244|0x0000000710c00000, 0x0000000710ceeaf0, 0x0000000710d00000| 93%| O|  |TAMS 0x0000000710c00000, 0x0000000710c00000| Untracked 
| 245|0x0000000710d00000, 0x0000000710ded5d8, 0x0000000710e00000| 92%| O|  |TAMS 0x0000000710d00000, 0x0000000710d00000| Untracked 

Card table byte_map: [0x0000016fb2a40000,0x0000016fb3240000] _byte_map_base: 0x0000016faf234000

Marking Bits (Prev, Next): (CMBitMap*) 0x0000016f9a947008, (CMBitMap*) 0x0000016f9a947048
 Prev Bits: [0x0000016fb3a40000, 0x0000016fb79e0000)
 Next Bits: [0x0000016fb79e0000, 0x0000016fbb980000)

Polling page: 0x0000016f98640000

Metaspace:

Usage:
  Non-class:      8.59 MB capacity,     8.41 MB ( 98%) used,   155.49 KB (  2%) free+waste,    36.50 KB ( <1%) overhead. 
      Class:      1.23 MB capacity,     1.03 MB ( 84%) used,   175.62 KB ( 14%) free+waste,    21.19 KB (  2%) overhead. 
       Both:      9.82 MB capacity,     9.44 MB ( 96%) used,   331.11 KB (  3%) free+waste,    57.69 KB ( <1%) overhead. 

Virtual space:
  Non-class space:       10.00 MB reserved,       8.75 MB ( 88%) committed 
      Class space:        1.00 GB reserved,       1.25 MB ( <1%) committed 
             Both:        1.01 GB reserved,      10.00 MB ( <1%) committed 

Chunk freelists:
   Non-Class:  3.88 KB
       Class:  3.13 KB
        Both:  7.00 KB

CodeHeap 'non-profiled nmethods': size=120000Kb used=495Kb max_used=495Kb free=119504Kb
 bounds [0x0000016faa7b0000, 0x0000016faaa20000, 0x0000016fb1ce0000]
CodeHeap 'profiled nmethods': size=120000Kb used=2409Kb max_used=2409Kb free=117591Kb
 bounds [0x0000016fa3280000, 0x0000016fa34f0000, 0x0000016faa7b0000]
CodeHeap 'non-nmethods': size=5760Kb used=1474Kb max_used=1489Kb free=4285Kb
 bounds [0x0000016fa2ce0000, 0x0000016fa2f50000, 0x0000016fa3280000]
 total_blobs=2545 nmethods=1320 adapters=882
 compilation: enabled
              stopped_count=0, restarted_count=0
 full_count=0

Compilation events (10 events):
Event: 1.864 Thread 0x0000016fbeff3000 1321       3       me.dylancurzon.pages.util.Vector2d::<init> (15 bytes)
Event: 1.864 Thread 0x0000016fbeff3000 nmethod 1321 0x0000016fa34d9710 code [0x0000016fa34d98c0, 0x0000016fa34d9a98]
Event: 1.864 Thread 0x0000016fbeff3000 1322       1       me.dylancurzon.pages.event.bus.EventListener::getConsumer (5 bytes)
Event: 1.864 Thread 0x0000016fbeff3000 nmethod 1322 0x0000016faa82b610 code [0x0000016faa82b7c0, 0x0000016faa82b8f8]
Event: 1.871 Thread 0x0000016fbefef000 1323       4       java.nio.ByteBuffer::position (8 bytes)
Event: 1.871 Thread 0x0000016fbeff3000 1324       3       java.util.stream.AbstractPipeline::isParallel (8 bytes)
Event: 1.871 Thread 0x0000016fbeff3000 nmethod 1324 0x0000016fa34d9b90 code [0x0000016fa34d9d40, 0x0000016fa34d9ed8]
Event: 1.871 Thread 0x0000016fbeff3000 1325       3       java.util.stream.PipelineHelper::<init> (5 bytes)
Event: 1.871 Thread 0x0000016fbefef000 nmethod 1323 0x0000016faa82b990 code [0x0000016faa82bb20, 0x0000016faa82bbf8]
Event: 1.871 Thread 0x0000016fbeff3000 nmethod 1325 0x0000016fa34d9f90 code [0x0000016fa34da140, 0x0000016fa34da318]

GC Heap History (4 events):
Event: 1.550 GC heap before
{Heap before GC invocations=0 (full 0):
 garbage-first heap   total 262144K, used 27648K [0x0000000701800000, 0x0000000800000000)
  region size 1024K, 24 young (24576K), 0 survivors (0K)
 Metaspace       used 7670K, capacity 7961K, committed 8192K, reserved 1056768K
  class space    used 866K, capacity 1023K, committed 1024K, reserved 1048576K
}
Event: 1.562 GC heap after
{Heap after GC invocations=1 (full 0):
 garbage-first heap   total 262144K, used 18692K [0x0000000701800000, 0x0000000800000000)
  region size 1024K, 3 young (3072K), 3 survivors (3072K)
 Metaspace       used 7670K, capacity 7961K, committed 8192K, reserved 1056768K
  class space    used 866K, capacity 1023K, committed 1024K, reserved 1048576K
}
Event: 1.613 GC heap before
{Heap before GC invocations=1 (full 0):
 garbage-first heap   total 262144K, used 38148K [0x0000000701800000, 0x0000000800000000)
  region size 1024K, 17 young (17408K), 3 survivors (3072K)
 Metaspace       used 7690K, capacity 8025K, committed 8192K, reserved 1056768K
  class space    used 868K, capacity 1023K, committed 1024K, reserved 1048576K
}
Event: 1.647 GC heap after
{Heap after GC invocations=2 (full 1):
 garbage-first heap   total 112640K, used 32538K [0x0000000701800000, 0x0000000800000000)
  region size 1024K, 0 young (0K), 0 survivors (0K)
 Metaspace       used 7690K, capacity 8025K, committed 8192K, reserved 1056768K
  class space    used 868K, capacity 1023K, committed 1024K, reserved 1048576K
}

Deoptimization events (10 events):
Event: 0.235 Thread 0x0000016f9a8df800 Uncommon trap: reason=unstable_if action=reinterpret pc=0x0000016faa7bdf2c method=java.util.HashMap.putVal(ILjava/lang/Object;Ljava/lang/Object;ZZ)Ljava/lang/Object; @ 162 c2
Event: 0.663 Thread 0x0000016f9a8df800 Uncommon trap: reason=class_check action=maybe_recompile pc=0x0000016faa7d9684 method=java.util.HashMap.putVal(ILjava/lang/Object;Ljava/lang/Object;ZZ)Ljava/lang/Object; @ 91 c2
Event: 0.704 Thread 0x0000016f9a8df800 Uncommon trap: reason=unstable_if action=reinterpret pc=0x0000016faa7d9898 method=java.util.HashMap.hash(Ljava/lang/Object;)I @ 1 c2
Event: 0.721 Thread 0x0000016fbf709000 Uncommon trap: reason=class_check action=maybe_recompile pc=0x0000016faa7d4b84 method=java.util.HashMap.putVal(ILjava/lang/Object;Ljava/lang/Object;ZZ)Ljava/lang/Object; @ 203 c2
Event: 0.721 Thread 0x0000016fbf709000 Uncommon trap: reason=class_check action=maybe_recompile pc=0x0000016faa7d4b18 method=java.util.HashMap.putVal(ILjava/lang/Object;Ljava/lang/Object;ZZ)Ljava/lang/Object; @ 91 c2
Event: 0.722 Thread 0x0000016fbf709000 Uncommon trap: reason=class_check action=maybe_recompile pc=0x0000016faa7d4b84 method=java.util.HashMap.putVal(ILjava/lang/Object;Ljava/lang/Object;ZZ)Ljava/lang/Object; @ 203 c2
Event: 0.779 Thread 0x0000016f9a8df800 Uncommon trap: reason=unstable_if action=reinterpret pc=0x0000016faa7fe620 method=java.util.HashMap.putVal(ILjava/lang/Object;Ljava/lang/Object;ZZ)Ljava/lang/Object; @ 193 c2
Event: 1.606 Thread 0x0000016fbf143000 Uncommon trap: reason=unstable_if action=reinterpret pc=0x0000016faa8135bc method=me.dylancurzon.dontdie.tile.Level.generateTestLevel()Lme/dylancurzon/dontdie/tile/Level; @ 16 c2
Event: 1.677 Thread 0x0000016fbf143000 Uncommon trap: reason=unstable_if action=reinterpret pc=0x0000016faa7d58b4 method=me.dylancurzon.pages.util.Vector2i.equals(Ljava/lang/Object;)Z @ 37 c2
Event: 1.707 Thread 0x0000016fc0ea3000 Uncommon trap: reason=unstable_if action=reinterpret pc=0x0000016faa7c3490 method=java.io.WinNTFileSystem.isSlash(C)Z @ 9 c2

Classes redefined (0 events):
No events

Internal exceptions (10 events):
Event: 0.675 Thread 0x0000016f9a8df800 Exception <a 'java/lang/NoSuchMethodError'{0x000000071078d450}: java.lang.invoke.DirectMethodHandle$Holder.invokeStatic(Ljava/lang/Object;ILjava/lang/Object;Ljava/lang/Object;Ljava/lang/Object;)Ljava/lang/Object;> (0x000000071078d450) thrown at [t:/worksp
Event: 0.676 Thread 0x0000016f9a8df800 Exception <a 'java/lang/NoSuchMethodError'{0x0000000710790ca8}: java.lang.invoke.DirectMethodHandle$Holder.invokeSpecial(Ljava/lang/Object;Ljava/lang/Object;ILjava/lang/Object;Ljava/lang/Object;Ljava/lang/Object;)Ljava/lang/Object;> (0x0000000710790ca8) t
Event: 0.698 Thread 0x0000016f9a8df800 Exception <a 'java/lang/ClassNotFoundException'{0x000000071064fe60}: com/sun/swing/internal/plaf/metal/resources/spi/metalProvider> (0x000000071064fe60) thrown at [t:/workspace/open/src/hotspot/share/classfile/systemDictionary.cpp, line 235]
Event: 0.699 Thread 0x0000016f9a8df800 Exception <a 'java/lang/ClassNotFoundException'{0x00000007106543b0}: com/sun/swing/internal/plaf/basic/resources/spi/basicProvider> (0x00000007106543b0) thrown at [t:/workspace/open/src/hotspot/share/classfile/systemDictionary.cpp, line 235]
Event: 0.704 Thread 0x0000016f9a8df800 Implicit null exception at 0x0000016faa7d860e to 0x0000016faa7d9872
Event: 0.756 Thread 0x0000016f9a8df800 Exception <a 'java/lang/NoSuchMethodError'{0x00000007106b65c8}: java.lang.invoke.DirectMethodHandle$Holder.invokeStaticInit(Ljava/lang/Object;)V> (0x00000007106b65c8) thrown at [t:/workspace/open/src/hotspot/share/interpreter/linkResolver.cpp, line 777]
Event: 0.793 Thread 0x0000016f9a8df800 Exception <a 'java/lang/NoSuchMethodError'{0x000000071054c098}: java.lang.invoke.Invokers$Holder.linkToTargetMethod(Ljava/lang/Object;ILjava/lang/Object;)Ljava/lang/Object;> (0x000000071054c098) thrown at [t:/workspace/open/src/hotspot/share/interpreter/l
Event: 1.661 Thread 0x0000016fbf143000 Exception <a 'java/lang/NoSuchMethodError'{0x0000000707c1f0f8}: java.lang.invoke.DirectMethodHandle$Holder.invokeStatic(Ljava/lang/Object;Ljava/lang/Object;Ljava/lang/Object;Ljava/lang/Object;)V> (0x0000000707c1f0f8) thrown at [t:/workspace/open/src/hotsp
Event: 1.697 Thread 0x0000016fc0ea3000 Exception <a 'java/lang/NoSuchMethodError'{0x0000000707befc48}: java.lang.invoke.DelegatingMethodHandle$Holder.delegate(Ljava/lang/Object;Ljava/lang/Object;ILjava/lang/Object;)V> (0x0000000707befc48) thrown at [t:/workspace/open/src/hotspot/share/interpre
Event: 1.698 Thread 0x0000016fc0ea3000 Exception <a 'java/lang/NoSuchMethodError'{0x0000000707bf6858}: java.lang.invoke.DirectMethodHandle$Holder.invokeStaticInit(Ljava/lang/Object;Ljava/lang/Object;Ljava/lang/Object;)Ljava/lang/Object;> (0x0000000707bf6858) thrown at [t:/workspace/open/src/ho

Events (10 events):
Event: 1.782 loading class org/lwjgl/system/MemoryTextDecoding
Event: 1.782 loading class org/lwjgl/system/MemoryTextDecoding done
Event: 1.782 Executing VM operation: RevokeBias
Event: 1.782 Executing VM operation: RevokeBias done
Event: 1.783 loading class java/lang/StackTraceElement$HashedModules
Event: 1.783 loading class java/lang/StackTraceElement$HashedModules done
Event: 1.802 Thread 0x0000016fbf143000 DEOPT PACKING pc=0x0000016fa344b4c5 sp=0x000000334c6fd9c0
Event: 1.802 Thread 0x0000016fbf143000 DEOPT UNPACKING pc=0x0000016fa2d09a4e sp=0x000000334c6fd000 mode 0
Event: 1.877 loading class org/lwjgl/glfw/EventLoop$OffScreen
Event: 1.877 loading class org/lwjgl/glfw/EventLoop$OffScreen done


Dynamic libraries:
0x00007ff7fce60000 - 0x00007ff7fce6f000 	C:\Program Files\Java\jdk-12\bin\java.exe
0x00007ffb95b00000 - 0x00007ffb95ce1000 	C:\WINDOWS\SYSTEM32\ntdll.dll
0x00007ffb93940000 - 0x00007ffb939f2000 	C:\WINDOWS\System32\KERNEL32.DLL
0x00007ffb92180000 - 0x00007ffb923f3000 	C:\WINDOWS\System32\KERNELBASE.dll
0x00007ffb91fd0000 - 0x00007ffb920c8000 	C:\WINDOWS\System32\ucrtbase.dll
0x00007ffb86630000 - 0x00007ffb86646000 	C:\Program Files\Java\jdk-12\bin\VCRUNTIME140.dll
0x00007ffb8df90000 - 0x00007ffb8dfa8000 	C:\Program Files\Java\jdk-12\bin\jli.dll
0x00007ffb94080000 - 0x00007ffb94121000 	C:\WINDOWS\System32\ADVAPI32.dll
0x00007ffb959d0000 - 0x00007ffb95a6e000 	C:\WINDOWS\System32\msvcrt.dll
0x00007ffb94400000 - 0x00007ffb9445b000 	C:\WINDOWS\System32\sechost.dll
0x00007ffb942d0000 - 0x00007ffb943f4000 	C:\WINDOWS\System32\RPCRT4.dll
0x00007ffb93cd0000 - 0x00007ffb93e60000 	C:\WINDOWS\System32\USER32.dll
0x00007ffb92810000 - 0x00007ffb92830000 	C:\WINDOWS\System32\win32u.dll
0x00007ffb93a00000 - 0x00007ffb93a28000 	C:\WINDOWS\System32\GDI32.dll
0x00007ffb85af0000 - 0x00007ffb85d59000 	C:\WINDOWS\WinSxS\amd64_microsoft.windows.common-controls_6595b64144ccf1df_6.0.17134.648_none_fb45a0e93062a6d2\COMCTL32.dll
0x00007ffb92480000 - 0x00007ffb92612000 	C:\WINDOWS\System32\gdi32full.dll
0x00007ffb935f0000 - 0x00007ffb93912000 	C:\WINDOWS\System32\combase.dll
0x00007ffb91ed0000 - 0x00007ffb91f6f000 	C:\WINDOWS\System32\msvcp_win.dll
0x00007ffb92400000 - 0x00007ffb9247a000 	C:\WINDOWS\System32\bcryptPrimitives.dll
0x00007ffb8d090000 - 0x00007ffb8d09a000 	C:\WINDOWS\SYSTEM32\VERSION.dll
0x00007ffb959a0000 - 0x00007ffb959cd000 	C:\WINDOWS\System32\IMM32.DLL
0x00007ffb79de0000 - 0x00007ffb79e8a000 	C:\Program Files\Java\jdk-12\bin\msvcp140.dll
0x00007ffb384c0000 - 0x00007ffb39034000 	C:\Program Files\Java\jdk-12\bin\server\jvm.dll
0x00007ffb94540000 - 0x00007ffb94548000 	C:\WINDOWS\System32\PSAPI.DLL
0x00007ffb83720000 - 0x00007ffb83729000 	C:\WINDOWS\SYSTEM32\WSOCK32.dll
0x00007ffb89bd0000 - 0x00007ffb89bf3000 	C:\WINDOWS\SYSTEM32\WINMM.dll
0x00007ffb93a30000 - 0x00007ffb93a9c000 	C:\WINDOWS\System32\WS2_32.dll
0x00007ffb89ba0000 - 0x00007ffb89bca000 	C:\WINDOWS\SYSTEM32\winmmbase.dll
0x00007ffb92f40000 - 0x00007ffb92f89000 	C:\WINDOWS\System32\cfgmgr32.dll
0x00007ffb91eb0000 - 0x00007ffb91ec1000 	C:\WINDOWS\System32\kernel.appcore.dll
0x00007ffb806a0000 - 0x00007ffb806b1000 	C:\Program Files\Java\jdk-12\bin\verify.dll
0x00007ffb830a0000 - 0x00007ffb83269000 	C:\WINDOWS\SYSTEM32\DBGHELP.DLL
0x00007ffb82f30000 - 0x00007ffb82f59000 	C:\WINDOWS\SYSTEM32\dbgcore.DLL
0x00007ffb80670000 - 0x00007ffb80696000 	C:\Program Files\Java\jdk-12\bin\java.dll
0x00007ffb8e870000 - 0x00007ffb8e87e000 	C:\Program Files\Java\jdk-12\bin\instrument.dll
0x00007ffb80650000 - 0x00007ffb80667000 	C:\Program Files\Java\jdk-12\bin\zip.dll
0x00007ffb8ec00000 - 0x00007ffb8ec0a000 	C:\Program Files\Java\jdk-12\bin\jimage.dll
0x00007ffb94560000 - 0x00007ffb959a0000 	C:\WINDOWS\System32\SHELL32.dll
0x00007ffb93540000 - 0x00007ffb935e9000 	C:\WINDOWS\System32\shcore.dll
0x00007ffb92830000 - 0x00007ffb92f3d000 	C:\WINDOWS\System32\windows.storage.dll
0x00007ffb94460000 - 0x00007ffb944b1000 	C:\WINDOWS\System32\shlwapi.dll
0x00007ffb91e40000 - 0x00007ffb91e5f000 	C:\WINDOWS\System32\profapi.dll
0x00007ffb91e60000 - 0x00007ffb91eac000 	C:\WINDOWS\System32\powrprof.dll
0x00007ffb91e10000 - 0x00007ffb91e1a000 	C:\WINDOWS\System32\FLTLIB.DLL
0x00007ffb805e0000 - 0x00007ffb805f9000 	C:\Program Files\Java\jdk-12\bin\net.dll
0x00007ffb84e30000 - 0x00007ffb84ff8000 	C:\WINDOWS\SYSTEM32\urlmon.dll
0x00007ffb8da70000 - 0x00007ffb8db4d000 	C:\WINDOWS\SYSTEM32\WINHTTP.dll
0x00007ffb842e0000 - 0x00007ffb84585000 	C:\WINDOWS\SYSTEM32\iertutil.dll
0x00007ffb91840000 - 0x00007ffb9184b000 	C:\WINDOWS\SYSTEM32\CRYPTBASE.DLL
0x00007ffb91690000 - 0x00007ffb916f6000 	C:\WINDOWS\system32\mswsock.dll
0x00007ffb805c0000 - 0x00007ffb805d3000 	C:\Program Files\Java\jdk-12\bin\nio.dll
0x00007ffb7fda0000 - 0x00007ffb7fdba000 	C:\Program Files\JetBrains\IntelliJ IDEA Community Edition 2019.1\bin\breakgen64.dll
0x00007ffb631f0000 - 0x00007ffb6338f000 	C:\Program Files\Java\jdk-12\bin\awt.dll
0x00007ffb93ab0000 - 0x00007ffb93b73000 	C:\WINDOWS\System32\OLEAUT32.dll
0x00007ffb8f4f0000 - 0x00007ffb8fab7000 	C:\WINDOWS\SYSTEM32\d2d1.dll
0x00007ffb90260000 - 0x00007ffb902eb000 	C:\WINDOWS\SYSTEM32\apphelp.dll
0x00007ffb905a0000 - 0x00007ffb905c9000 	C:\WINDOWS\system32\DWMAPI.DLL
0x00007ffb90420000 - 0x00007ffb904b8000 	C:\WINDOWS\system32\uxtheme.dll
0x00007ffb5a1d0000 - 0x00007ffb5a2f0000 	C:\WINDOWS\system32\opengl32.dll
0x00007ffb5a1a0000 - 0x00007ffb5a1cc000 	C:\WINDOWS\SYSTEM32\GLU32.dll
0x00007ffb93e60000 - 0x00007ffb93fd3000 	C:\WINDOWS\System32\MSCTF.dll
0x00007ffb933e0000 - 0x00007ffb93531000 	C:\WINDOWS\System32\ole32.dll
0x00007ffb88c80000 - 0x00007ffb88e17000 	C:\WINDOWS\system32\d3d9.dll
0x00007ffb7e3d0000 - 0x00007ffb7e4bb000 	C:\WINDOWS\System32\DriverStore\FileRepository\nv_dispi.inf_amd64_040c7acb04cee565\nvldumdx.dll
0x00007ffb92620000 - 0x00007ffb92802000 	C:\WINDOWS\System32\crypt32.dll
0x00007ffb91e20000 - 0x00007ffb91e32000 	C:\WINDOWS\System32\MSASN1.dll
0x00007ffb91f70000 - 0x00007ffb91fc7000 	C:\WINDOWS\System32\WINTRUST.DLL
0x00007ffb93920000 - 0x00007ffb9393d000 	C:\WINDOWS\System32\imagehlp.dll
0x00007ffb91850000 - 0x00007ffb91867000 	C:\WINDOWS\SYSTEM32\CRYPTSP.dll
0x00007ffb91210000 - 0x00007ffb91243000 	C:\WINDOWS\system32\rsaenh.dll
0x00007ffb91970000 - 0x00007ffb91995000 	C:\WINDOWS\SYSTEM32\bcrypt.dll
0x00007ffb35710000 - 0x00007ffb36948000 	C:\WINDOWS\System32\DriverStore\FileRepository\nv_dispi.inf_amd64_040c7acb04cee565\nvd3dumx.dll
0x00007ffb7bca0000 - 0x00007ffb7bd62000 	C:\Program Files (x86)\NVIDIA Corporation\3D Vision\nvSCPAPI64.dll
0x00007ffb92f90000 - 0x00007ffb933db000 	C:\WINDOWS\System32\SETUPAPI.dll
0x00007ffb65670000 - 0x00007ffb6591e000 	C:\WINDOWS\system32\nvspcap64.dll
0x00007ffb90f00000 - 0x00007ffb90f31000 	C:\WINDOWS\SYSTEM32\ntmarta.dll
0x00007ffb90b50000 - 0x00007ffb90b72000 	C:\WINDOWS\SYSTEM32\gpapi.dll
0x00007ffb8bfa0000 - 0x00007ffb8bfce000 	C:\WINDOWS\SYSTEM32\cryptnet.dll
0x00007ffb79d60000 - 0x00007ffb79de0000 	C:\Program Files\Java\jdk-12\bin\freetype.dll
0x00007ffb79cf0000 - 0x00007ffb79d5f000 	C:\Program Files\Java\jdk-12\bin\fontmanager.dll
0x00007ffb77a40000 - 0x00007ffb77ad6000 	C:\WINDOWS\System32\TextInputFramework.dll
0x00007ffb8ffc0000 - 0x00007ffb9009a000 	C:\WINDOWS\System32\CoreMessaging.dll
0x00007ffb7e7d0000 - 0x00007ffb7eaee000 	C:\WINDOWS\System32\CoreUIComponents.dll
0x00007ffb8e4f0000 - 0x00007ffb8e63d000 	C:\WINDOWS\SYSTEM32\wintypes.dll
0x00007ffb702f0000 - 0x00007ffb70351000 	C:\Users\Dylan Curzon\AppData\Local\Temp\lwjglDylan\3.2.0-build-12\lwjgl.dll
0x00007ffb70290000 - 0x00007ffb702ec000 	C:\Users\DYLANC~1\AppData\Local\Temp\lwjglDylan\3.2.0-build-12\glfw.dll
0x00007ffb71e50000 - 0x00007ffb71e93000 	C:\WINDOWS\SYSTEM32\dinput8.dll
0x00007ffb76350000 - 0x00007ffb76360000 	C:\WINDOWS\SYSTEM32\xinput1_4.dll
0x00007ffb91c20000 - 0x00007ffb91c47000 	C:\WINDOWS\SYSTEM32\DEVOBJ.dll
0x00007ffb76df0000 - 0x00007ffb76e69000 	C:\WINDOWS\SYSTEM32\inputhost.dll
0x00007ffb90b40000 - 0x00007ffb90b4c000 	C:\WINDOWS\SYSTEM32\HID.DLL
0x00000000747b0000 - 0x0000000076e34000 	C:\WINDOWS\System32\DriverStore\FileRepository\nv_dispi.inf_amd64_040c7acb04cee565\nvoglv64.dll
0x00007ffb8dd00000 - 0x00007ffb8dd13000 	C:\WINDOWS\SYSTEM32\WTSAPI32.dll

dbghelp: loaded successfully - version: 4.0.5 - missing functions: none
symbol engine: initialized successfully - sym options: 0x614 - pdb path: .;C:\Program Files\Java\jdk-12\bin;C:\WINDOWS\SYSTEM32;C:\WINDOWS\WinSxS\amd64_microsoft.windows.common-controls_6595b64144ccf1df_6.0.17134.648_none_fb45a0e93062a6d2;C:\Program Files\Java\jdk-12\bin\server;C:\Program Files\JetBrains\IntelliJ IDEA Community Edition 2019.1\bin;C:\WINDOWS\System32\DriverStore\FileRepository\nv_dispi.inf_amd64_040c7acb04cee565;C:\Program Files (x86)\NVIDIA Corporation\3D Vision;C:\Users\Dylan Curzon\AppData\Local\Temp\lwjglDylan\3.2.0-build-12;C:\Users\DYLANC~1\AppData\Local\Temp\lwjglDylan\3.2.0-build-12

VM Arguments:
jvm_args: -Dvisualvm.id=2274407866507 -javaagent:C:\Program Files\JetBrains\IntelliJ IDEA Community Edition 2019.1\lib\idea_rt.jar=2409:C:\Program Files\JetBrains\IntelliJ IDEA Community Edition 2019.1\bin -Dfile.encoding=UTF-8 
java_command: me.dylancurzon.dontdie.Bootstrapper
java_class_path (initial): D:\MEGA\code\dont-die\out\production\classes;D:\MEGA\code\dont-die\out\production\resources;D:\MEGA\code\dont-die\pages\out\production\classes;C:\Users\Dylan Curzon\.gradle\caches\modules-2\files-2.1\com.google.guava\guava\27.0.1-jre\bd41a290787b5301e63929676d792c507bbc00ae\guava-27.0.1-jre.jar;C:\Users\Dylan Curzon\.gradle\caches\modules-2\files-2.1\org.l33tlabs.twl\pngdecoder\1.0\6422688e344db244da42244b21998284bf098948\pngdecoder-1.0.jar;C:\Users\Dylan Curzon\.gradle\caches\modules-2\files-2.1\org.lwjgl\lwjgl-opengl\3.2.0\1c64c692473a70af297651d369debc93efa2e49f\lwjgl-opengl-3.2.0.jar;C:\Users\Dylan Curzon\.gradle\caches\modules-2\files-2.1\org.lwjgl\lwjgl-opengl\3.2.0\b1f27bce30f8e40b03502a5d86687b30d844ba35\lwjgl-opengl-3.2.0-natives-windows.jar;C:\Users\Dylan Curzon\.gradle\caches\modules-2\files-2.1\org.lwjgl\lwjgl-opengl\3.2.0\953ac48def909b1c67fc54299f5c403479ef8ac7\lwjgl-opengl-3.2.0-natives-linux.jar;C:\Users\Dylan Curzon\.gradle\caches\modules-2\files-2.1\org.lwjgl\lwjgl-glfw\3.2.0\9ff0ed06de0a1d83dd182f2ead48ac4c90865c44\lwjgl-glfw-3.2.0.jar;C:\Users\Dylan Curzon\.gradle\caches\modules-2\files-2.1\org.lwjgl\lwjgl-glfw\3.2.0\986cd6b09807ad2d67b5002b6d9dc089e3fc88f8\lwjgl-glfw-3.2.0-natives-windows.jar;C:\Users\Dylan Curzon\.gradle\caches\modules-2\files-2.1\org.lwjgl\lwjgl-glfw\3.2.0\2d270a9146ae47e929f5b6295eeb4e51a5ff577b\lwjgl-glfw-3.2.0-natives-linux.jar;C:\Users\Dylan Curzon\.gradle\caches\modules-2\files-2.1\org.lwjgl\lwjgl\3.2.0\7723544dc3fc740f0ee59cce9a3a0cecc8681747\lwjgl-3.2.0.jar;C:\Users\Dylan Curzon\.gradle\caches\modules-2\files-2.1\org.lwjgl\lwjgl\3.2.0\86c90ce2abe6129bfd5052a8b82f3dc2394c8dd1\lwjgl-3.2.0-natives-windows.jar;C:\Users\Dylan Curzon\.gradle\caches\modules-2\files-2.1\org.lwjgl\lwjgl\3.2.0\4c23e3f9ae657a52bddfa1c92d1b0ba770259eed\lwjgl-3.2.0-natives-linux.jar;C:\Users\Dylan Curzon\.gradle\caches\modules-2\files-2.1\org.jetbrains\annotations\17.0.0\8ceead41f4e71821919dbdb7a9847608f1a938cb\annotatio
Launcher Type: SUN_STANDARD

[Global flags]
     intx CICompilerCount                          = 4                                         {product} {ergonomic}
     uint ConcGCThreads                            = 3                                         {product} {ergonomic}
     uint G1ConcRefinementThreads                  = 10                                        {product} {ergonomic}
   size_t G1HeapRegionSize                         = 1048576                                   {product} {ergonomic}
    uintx GCDrainStackTargetSize                   = 64                                        {product} {ergonomic}
   size_t InitialHeapSize                          = 268435456                                 {product} {ergonomic}
   size_t MarkStackSize                            = 4194304                                   {product} {ergonomic}
   size_t MaxHeapSize                              = 4269801472                                {product} {ergonomic}
   size_t MaxNewSize                               = 2561671168                                {product} {ergonomic}
   size_t MinHeapDeltaBytes                        = 1048576                                   {product} {ergonomic}
    uintx NonNMethodCodeHeapSize                   = 5836300                                {pd product} {ergonomic}
    uintx NonProfiledCodeHeapSize                  = 122910970                              {pd product} {ergonomic}
    uintx ProfiledCodeHeapSize                     = 122910970                              {pd product} {ergonomic}
    uintx ReservedCodeCacheSize                    = 251658240                              {pd product} {ergonomic}
     bool SegmentedCodeCache                       = true                                      {product} {ergonomic}
     bool UseCompressedClassPointers               = true                                 {lp64_product} {ergonomic}
     bool UseCompressedOops                        = true                                 {lp64_product} {ergonomic}
     bool UseG1GC                                  = true                                      {product} {ergonomic}
     bool UseLargePagesIndividualAllocation        = false                                  {pd product} {ergonomic}

Logging:
Log output configuration:
 #0: stdout all=warning uptime,level,tags
 #1: stderr all=off uptime,level,tags

Environment Variables:
JAVA_HOME=C:\Program Files\Java\jdk1.8.0_162
PATH=C:\Program Files\Broadcom\Broadcom 802.11 Network Adapter;;C:\Program Files (x86)\Common Files\Oracle\Java\javapath;C:\Program Files (x86)\Common Files\Intel\Shared Libraries\redist\intel64\compiler;C:\Program Files\Oculus\Support\oculus-runtime;C:\ProgramData\Oracle\Java\javapath;C:\Program Files (x86)\Razer Chroma SDK\bin;C:\Program Files\Razer Chroma SDK\bin;C:\WINDOWS\system32;C:\WINDOWS;C:\WINDOWS\System32\Wbem;C:\WINDOWS\System32\WindowsPowerShell\v1.0\;C:\Users\Dylan Curzon\AppData\Local\Microsoft\WindowsApps;C:\Users\Dylan Curzon\AppData\Roaming\Dashlane\5.8.0.17084\bin\Firefox_Extension\{442718d9-475e-452a-b3e1-fb1ee16b8e9f}\components;C:\Users\Dylan Curzon\AppData\Roaming\Dashlane\5.8.0.17084\ucrt;D:\Program Files\nodejs\;D:\Program Files\PuTTY\;C:\Program Files (x86)\Windows Kits\8.1\Windows Performance Toolkit\;C:\WINDOWS\system32;C:\WINDOWS;C:\WINDOWS\System32\Wbem;C:\WINDOWS\System32\WindowsPowerShell\v1.0\;C:\WINDOWS\System32\OpenSSH\;C:\ProgramData\chocolatey\bin;;C:\Program Files (x86)\NVIDIA Corporation\PhysX\Common;C:\Program Files\NVIDIA Corporation\NVIDIA NvDLISR;C:\Users\Dylan Curzon\.cargo\bin;D:\Program FIles\Python37\Scripts\;D:\Program FIles\Python37\;C:\Users\Dylan Curzon\AppData\Local\Microsoft\WindowsApps;C:\Users\Dylan Curzon\AppData\Roaming\npm;C:\Program Files\Oracle\VirtualBox;D:\Program Files (x86)\Python27;D:\Program Files (x86)\Nmap;C:\Users\Dylan Curzon\AppData\Local\hyper\app-2.0.0\resources\bin;D:\Program Files\cygwin64\bin;D:\Program Files\cygwin64\home\Dylan\.local\bin;D:\Program Files\Git\bin;D:\Program Files\ffmpeg\bin;C:\Users\Dylan Curzon\.cargo\bin;D:\Program Files\Gradle\gradle-5.2.1\bin;D:\Program Files\ngrok;D:\Program Files\Ant\apache-ant-1.10.5-bin\apache-ant-1.10.5\bin;D:\Program Files\MongoDB\Server\4.0\bin;C:\Python27;C:\Program Files\JetBrains\IntelliJ IDEA Community Edition 2019.1\bin;
USERNAME=Dylan
OS=Windows_NT
PROCESSOR_IDENTIFIER=Intel64 Family 6 Model 63 Stepping 2, GenuineIntel



---------------  S Y S T E M  ---------------

OS: Windows 10 , 64 bit Build 17134 (10.0.17134.648)

CPU:total 12 (initial active 12) (6 cores per cpu, 2 threads per core) family 6 model 63 stepping 2, cmov, cx8, fxsr, mmx, sse, sse2, sse3, ssse3, sse4.1, sse4.2, popcnt, avx, avx2, aes, clmul, erms, lzcnt, ht, tsc, tscinvbit, bmi1, bmi2, fma

Memory: 4k page, system-wide physical 16285M (9334M free)
TotalPageFile size 22685M (AvailPageFile size 13447M)
current process WorkingSet (physical memory assigned to process): 134M, peak: 140M
current process commit charge ("private bytes"): 250M, peak: 409M

vm_info: Java HotSpot(TM) 64-Bit Server VM (12+33) for windows-amd64 JRE (12+33), built on Feb 21 2019 02:31:50 by "mach5one" with MS VC++ 15.5 (VS2017)

END.
